[1102/015257.892:ERROR:process_reader_win.cc(242)] ReadMemory at 0x7ff715c40000 of 64 bytes failed: Only part of a ReadProcessMemory or WriteProcessMemory request was completed. (0x12B)
[1102/015257.893:WARNING:pe_image_reader.cc(302)] could not read dos header from C:\Program Files (x86)\Google\Chrome\Application\chrome.exe
[1102/015257.893:ERROR:process_reader_win.cc(242)] ReadMemory at 0x7ffe9d590000 of 64 bytes failed: Only part of a ReadProcessMemory or WriteProcessMemory request was completed. (0x12B)
[1102/015257.893:WARNING:pe_image_reader.cc(302)] could not read dos header from C:\WINDOWS\SYSTEM32\ntdll.dll
[1102/015257.893:ERROR:process_reader_win.cc(242)] ReadMemory at 0x7ffe9cbd0000 of 64 bytes failed: Only part of a ReadProcessMemory or WriteProcessMemory request was completed. (0x12B)
[1102/015257.894:WARNING:pe_image_reader.cc(302)] could not read dos header from C:\WINDOWS\System32\KERNEL32.DLL
[1102/015257.894:ERROR:process_reader_win.cc(242)] ReadMemory at 0x7ffe9a630000 of 64 bytes failed: Only part of a ReadProcessMemory or WriteProcessMemory request was completed. (0x12B)
[1102/015257.894:WARNING:pe_image_reader.cc(302)] could not read dos header from C:\WINDOWS\System32\KERNELBASE.dll
[1102/015257.894:ERROR:process_reader_win.cc(242)] ReadMemory at 0x7ffe97050000 of 64 bytes failed: Only part of a ReadProcessMemory or WriteProcessMemory request was completed. (0x12B)
[1102/015257.894:WARNING:pe_image_reader.cc(302)] could not read dos header from C:\WINDOWS\SYSTEM32\apphelp.dll
[1102/015257.894:ERROR:process_reader_win.cc(242)] ReadMemory at 0x7ffe9b0a0000 of 64 bytes failed: Only part of a ReadProcessMemory or WriteProcessMemory request was completed. (0x12B)
[1102/015257.894:WARNING:pe_image_reader.cc(302)] could not read dos header from C:\WINDOWS\System32\SHELL32.dll
[1102/015257.894:ERROR:process_reader_win.cc(242)] ReadMemory at 0x7ffe9d4c0000 of 64 bytes failed: Only part of a ReadProcessMemory or WriteProcessMemory request was completed. (0x12B)
[1102/015257.894:WARNING:pe_image_reader.cc(302)] could not read dos header from C:\WINDOWS\System32\msvcrt.dll
[1102/015257.894:ERROR:process_reader_win.cc(242)] ReadMemory at 0x7ffe9a910000 of 64 bytes failed: Only part of a ReadProcessMemory or WriteProcessMemory request was completed. (0x12B)
[1102/015257.894:WARNING:pe_image_reader.cc(302)] could not read dos header from C:\WINDOWS\System32\cfgmgr32.dll
[1102/015257.894:ERROR:process_reader_win.cc(242)] ReadMemory at 0x7ffe99960000 of 64 bytes failed: Only part of a ReadProcessMemory or WriteProcessMemory request was completed. (0x12B)
[1102/015257.894:WARNING:pe_image_reader.cc(302)] could not read dos header from C:\WINDOWS\System32\ucrtbase.dll
[1102/015257.894:ERROR:process_reader_win.cc(242)] ReadMemory at 0x7ffe9cf80000 of 64 bytes failed: Only part of a ReadProcessMemory or WriteProcessMemory request was completed. (0x12B)
[1102/015257.894:WARNING:pe_image_reader.cc(302)] could not read dos header from C:\WINDOWS\System32\shcore.dll
[1102/015257.894:ERROR:process_reader_win.cc(242)] ReadMemory at 0x7ffe9ae80000 of 64 bytes failed: Only part of a ReadProcessMemory or WriteProcessMemory request was completed. (0x12B)
[1102/015257.894:WARNING:pe_image_reader.cc(302)] could not read dos header from C:\WINDOWS\System32\RPCRT4.dll
[1102/015257.894:ERROR:process_reader_win.cc(242)] ReadMemory at 0x7ffe9c4e0000 of 64 bytes failed: Only part of a ReadProcessMemory or WriteProcessMemory request was completed. (0x12B)
[1102/015257.894:WARNING:pe_image_reader.cc(302)] could not read dos header from C:\WINDOWS\System32\combase.dll
[1102/015257.894:ERROR:process_reader_win.cc(242)] ReadMemory at 0x7ffe9a5b0000 of 64 bytes failed: Only part of a ReadProcessMemory or WriteProcessMemory request was completed. (0x12B)
[1102/015257.894:WARNING:pe_image_reader.cc(302)] could not read dos header from C:\WINDOWS\System32\bcryptPrimitives.dll
[1102/015257.894:ERROR:process_reader_win.cc(242)] ReadMemory at 0x7ffe99a60000 of 64 bytes failed: Only part of a ReadProcessMemory or WriteProcessMemory request was completed. (0x12B)
[1102/015257.894:WARNING:pe_image_reader.cc(302)] could not read dos header from C:\WINDOWS\System32\windows.storage.dll
[1102/015257.894:ERROR:process_reader_win.cc(242)] ReadMemory at 0x7ffe9cb20000 of 64 bytes failed: Only part of a ReadProcessMemory or WriteProcessMemory request was completed. (0x12B)
[1102/015257.894:WARNING:pe_image_reader.cc(302)] could not read dos header from C:\WINDOWS\System32\advapi32.dll
[1102/015257.894:ERROR:process_reader_win.cc(242)] ReadMemory at 0x7ffe9c990000 of 64 bytes failed: Only part of a ReadProcessMemory or WriteProcessMemory request was completed. (0x12B)
[1102/015257.895:WARNING:pe_image_reader.cc(302)] could not read dos header from C:\WINDOWS\System32\sechost.dll
[1102/015257.895:ERROR:process_reader_win.cc(242)] ReadMemory at 0x7ffe9c9f0000 of 64 bytes failed: Only part of a ReadProcessMemory or WriteProcessMemory request was completed. (0x12B)
[1102/015257.895:WARNING:pe_image_reader.cc(302)] could not read dos header from C:\WINDOWS\System32\shlwapi.dll
[1102/015257.895:ERROR:process_reader_win.cc(242)] ReadMemory at 0x7ffe9d1c0000 of 64 bytes failed: Only part of a ReadProcessMemory or WriteProcessMemory request was completed. (0x12B)
[1102/015257.895:WARNING:pe_image_reader.cc(302)] could not read dos header from C:\WINDOWS\System32\GDI32.dll
[1102/015257.895:ERROR:process_reader_win.cc(242)] ReadMemory at 0x7ffe9a170000 of 64 bytes failed: Only part of a ReadProcessMemory or WriteProcessMemory request was completed. (0x12B)
[1102/015257.895:WARNING:pe_image_reader.cc(302)] could not read dos header from C:\WINDOWS\System32\gdi32full.dll
[1102/015257.895:ERROR:process_reader_win.cc(242)] ReadMemory at 0x7ffe9a960000 of 64 bytes failed: Only part of a ReadProcessMemory or WriteProcessMemory request was completed. (0x12B)
[1102/015257.895:WARNING:pe_image_reader.cc(302)] could not read dos header from C:\WINDOWS\System32\msvcp_win.dll
[1102/015257.895:ERROR:process_reader_win.cc(242)] ReadMemory at 0x7ffe9d030000 of 64 bytes failed: Only part of a ReadProcessMemory or WriteProcessMemory request was completed. (0x12B)
[1102/015257.895:WARNING:pe_image_reader.cc(302)] could not read dos header from C:\WINDOWS\System32\USER32.dll
[1102/015257.895:ERROR:process_reader_win.cc(242)] ReadMemory at 0x7ffe9aa00000 of 64 bytes failed: Only part of a ReadProcessMemory or WriteProcessMemory request was completed. (0x12B)
[1102/015257.895:WARNING:pe_image_reader.cc(302)] could not read dos header from C:\WINDOWS\System32\win32u.dll
[1102/015257.895:ERROR:process_reader_win.cc(242)] ReadMemory at 0x7ffe99920000 of 64 bytes failed: Only part of a ReadProcessMemory or WriteProcessMemory request was completed. (0x12B)
[1102/015257.895:WARNING:pe_image_reader.cc(302)] could not read dos header from C:\WINDOWS\System32\kernel.appcore.dll
[1102/015257.895:ERROR:process_reader_win.cc(242)] ReadMemory at 0x7ffe99900000 of 64 bytes failed: Only part of a ReadProcessMemory or WriteProcessMemory request was completed. (0x12B)
[1102/015257.895:WARNING:pe_image_reader.cc(302)] could not read dos header from C:\WINDOWS\System32\profapi.dll
[1102/015257.895:ERROR:process_reader_win.cc(242)] ReadMemory at 0x7ffe998b0000 of 64 bytes failed: Only part of a ReadProcessMemory or WriteProcessMemory request was completed. (0x12B)
[1102/015257.895:WARNING:pe_image_reader.cc(302)] could not read dos header from C:\WINDOWS\System32\powrprof.dll
[1102/015257.895:ERROR:process_reader_win.cc(242)] ReadMemory at 0x7ffe998a0000 of 64 bytes failed: Only part of a ReadProcessMemory or WriteProcessMemory request was completed. (0x12B)
[1102/015257.895:WARNING:pe_image_reader.cc(302)] could not read dos header from C:\WINDOWS\System32\FLTLIB.DLL
[1102/015257.895:ERROR:process_reader_win.cc(242)] ReadMemory at 0x7ffe9d2d0000 of 64 bytes failed: Only part of a ReadProcessMemory or WriteProcessMemory request was completed. (0x12B)
[1102/015257.895:WARNING:pe_image_reader.cc(302)] could not read dos header from C:\WINDOWS\System32\PSAPI.DLL
[1102/015257.895:ERROR:process_reader_win.cc(242)] ReadMemory at 0x7ffe8be40000 of 64 bytes failed: Only part of a ReadProcessMemory or WriteProcessMemory request was completed. (0x12B)
[1102/015257.895:WARNING:pe_image_reader.cc(302)] could not read dos header from C:\Program Files (x86)\Google\Chrome\Application\70.0.3538.77\chrome_elf.dll
[1102/015257.895:ERROR:process_reader_win.cc(242)] ReadMemory at 0x7ffe8bdb0000 of 64 bytes failed: Only part of a ReadProcessMemory or WriteProcessMemory request was completed. (0x12B)
[1102/015257.895:WARNING:pe_image_reader.cc(302)] could not read dos header from C:\WINDOWS\SYSTEM32\VERSION.dll
[1102/015257.895:ERROR:process_reader_win.cc(242)] ReadMemory at 0x7ffe97370000 of 64 bytes failed: Only part of a ReadProcessMemory or WriteProcessMemory request was completed. (0x12B)
[1102/015257.895:WARNING:pe_image_reader.cc(302)] could not read dos header from C:\WINDOWS\SYSTEM32\WINMM.dll
[1102/015257.895:ERROR:process_reader_win.cc(242)] ReadMemory at 0x7ffe997d0000 of 64 bytes failed: Only part of a ReadProcessMemory or WriteProcessMemory request was completed. (0x12B)
[1102/015257.895:WARNING:pe_image_reader.cc(302)] could not read dos header from C:\WINDOWS\SYSTEM32\USERENV.dll
[1102/015257.895:ERROR:process_reader_win.cc(242)] ReadMemory at 0x7ffe970e0000 of 64 bytes failed: Only part of a ReadProcessMemory or WriteProcessMemory request was completed. (0x12B)
[1102/015257.895:WARNING:pe_image_reader.cc(302)] could not read dos header from C:\WINDOWS\SYSTEM32\WINMMBASE.dll
[1102/015257.895:ERROR:process_reader_win.cc(242)] ReadMemory at 0x7ffe991d0000 of 64 bytes failed: Only part of a ReadProcessMemory or WriteProcessMemory request was completed. (0x12B)
[1102/015257.895:WARNING:pe_image_reader.cc(302)] could not read dos header from C:\WINDOWS\SYSTEM32\CRYPTBASE.DLL
[1102/015257.895:ERROR:process_reader_win.cc(242)] ReadMemory at 0x242bdf80000 of 64 bytes failed: Only part of a ReadProcessMemory or WriteProcessMemory request was completed. (0x12B)
[1102/015257.895:WARNING:pe_image_reader.cc(302)] could not read dos header from C:\WINDOWS\System32\IMM32.DLL
[1102/015257.895:ERROR:process_reader_win.cc(242)] ReadMemory at 0x7ffe51290000 of 64 bytes failed: Only part of a ReadProcessMemory or WriteProcessMemory request was completed. (0x12B)
[1102/015257.895:WARNING:pe_image_reader.cc(302)] could not read dos header from C:\Program Files (x86)\Google\Chrome\Application\70.0.3538.77\chrome_child.dll
[1102/015257.896:ERROR:process_reader_win.cc(242)] ReadMemory at 0x242bdfb0000 of 64 bytes failed: Only part of a ReadProcessMemory or WriteProcessMemory request was completed. (0x12B)
[1102/015257.896:WARNING:pe_image_reader.cc(302)] could not read dos header from C:\WINDOWS\System32\WS2_32.dll
[1102/015257.896:ERROR:process_reader_win.cc(242)] ReadMemory at 0x7ffe9d340000 of 64 bytes failed: Only part of a ReadProcessMemory or WriteProcessMemory request was completed. (0x12B)
[1102/015257.896:WARNING:pe_image_reader.cc(302)] could not read dos header from C:\WINDOWS\System32\ole32.dll
[1102/015257.896:ERROR:process_reader_win.cc(242)] ReadMemory at 0x7ffe9ca50000 of 64 bytes failed: Only part of a ReadProcessMemory or WriteProcessMemory request was completed. (0x12B)
[1102/015257.896:WARNING:pe_image_reader.cc(302)] could not read dos header from C:\WINDOWS\System32\OLEAUT32.dll
[1102/015257.896:ERROR:process_reader_win.cc(242)] ReadMemory at 0x7ffe9a8b0000 of 64 bytes failed: Only part of a ReadProcessMemory or WriteProcessMemory request was completed. (0x12B)
[1102/015257.896:WARNING:pe_image_reader.cc(302)] could not read dos header from C:\WINDOWS\System32\WINTRUST.dll
[1102/015257.896:ERROR:process_reader_win.cc(242)] ReadMemory at 0x7ffe99940000 of 64 bytes failed: Only part of a ReadProcessMemory or WriteProcessMemory request was completed. (0x12B)
[1102/015257.896:WARNING:pe_image_reader.cc(302)] could not read dos header from C:\WINDOWS\System32\MSASN1.dll
[1102/015257.896:ERROR:process_reader_win.cc(242)] ReadMemory at 0x7ffe9a3c0000 of 64 bytes failed: Only part of a ReadProcessMemory or WriteProcessMemory request was completed. (0x12B)
[1102/015257.896:WARNING:pe_image_reader.cc(302)] could not read dos header from C:\WINDOWS\System32\CRYPT32.dll
[1102/015257.896:ERROR:process_reader_win.cc(242)] ReadMemory at 0x7ffe9afb0000 of 64 bytes failed: Only part of a ReadProcessMemory or WriteProcessMemory request was completed. (0x12B)
[1102/015257.896:WARNING:pe_image_reader.cc(302)] could not read dos header from C:\WINDOWS\System32\COMDLG32.dll
[1102/015257.896:ERROR:process_reader_win.cc(242)] ReadMemory at 0x7ffe98e00000 of 64 bytes failed: Only part of a ReadProcessMemory or WriteProcessMemory request was completed. (0x12B)
[1102/015257.896:WARNING:pe_image_reader.cc(302)] could not read dos header from C:\WINDOWS\SYSTEM32\IPHLPAPI.DLL
[1102/015257.896:ERROR:process_reader_win.cc(242)] ReadMemory at 0x7ffe84e10000 of 64 bytes failed: Only part of a ReadProcessMemory or WriteProcessMemory request was completed. (0x12B)
[1102/015257.896:WARNING:pe_image_reader.cc(302)] could not read dos header from C:\WINDOWS\SYSTEM32\msdmo.dll
[1102/015257.896:ERROR:process_reader_win.cc(242)] ReadMemory at 0x7ffe81020000 of 64 bytes failed: Only part of a ReadProcessMemory or WriteProcessMemory request was completed. (0x12B)
[1102/015257.896:WARNING:pe_image_reader.cc(302)] could not read dos header from C:\WINDOWS\WinSxS\amd64_microsoft.windows.common-controls_6595b64144ccf1df_6.0.17134.345_none_fb429a5930656358\COMCTL32.dll
[1102/015257.896:ERROR:process_reader_win.cc(242)] ReadMemory at 0x7ffe84410000 of 64 bytes failed: Only part of a ReadProcessMemory or WriteProcessMemory request was completed. (0x12B)
[1102/015257.896:WARNING:pe_image_reader.cc(302)] could not read dos header from C:\WINDOWS\SYSTEM32\DWrite.dll
[1102/015257.896:ERROR:process_reader_win.cc(242)] ReadMemory at 0x7ffe901b0000 of 64 bytes failed: Only part of a ReadProcessMemory or WriteProcessMemory request was completed. (0x12B)
[1102/015257.896:WARNING:pe_image_reader.cc(302)] could not read dos header from C:\WINDOWS\SYSTEM32\WINSPOOL.DRV
[1102/015257.896:ERROR:process_reader_win.cc(242)] ReadMemory at 0x7ffe869d0000 of 64 bytes failed: Only part of a ReadProcessMemory or WriteProcessMemory request was completed. (0x12B)
[1102/015257.896:WARNING:pe_image_reader.cc(302)] could not read dos header from C:\WINDOWS\SYSTEM32\dbghelp.dll
[1102/015257.896:ERROR:process_reader_win.cc(242)] ReadMemory at 0x7ffe84df0000 of 64 bytes failed: Only part of a ReadProcessMemory or WriteProcessMemory request was completed. (0x12B)
[1102/015257.896:WARNING:pe_image_reader.cc(302)] could not read dos header from C:\WINDOWS\SYSTEM32\USP10.dll
[1102/015257.896:ERROR:process_reader_win.cc(242)] ReadMemory at 0x7ffe98710000 of 64 bytes failed: Only part of a ReadProcessMemory or WriteProcessMemory request was completed. (0x12B)
[1102/015257.896:WARNING:pe_image_reader.cc(302)] could not read dos header from C:\WINDOWS\SYSTEM32\dxgi.dll
[1102/015257.896:ERROR:process_reader_win.cc(242)] ReadMemory at 0x7ffe84e70000 of 64 bytes failed: Only part of a ReadProcessMemory or WriteProcessMemory request was completed. (0x12B)
[1102/015257.896:WARNING:pe_image_reader.cc(302)] could not read dos header from C:\WINDOWS\SYSTEM32\urlmon.dll
[1102/015257.896:ERROR:process_reader_win.cc(242)] ReadMemory at 0x7ffe8e430000 of 64 bytes failed: Only part of a ReadProcessMemory or WriteProcessMemory request was completed. (0x12B)
[1102/015257.896:WARNING:pe_image_reader.cc(302)] could not read dos header from C:\WINDOWS\SYSTEM32\Secur32.dll
[1102/015257.896:ERROR:process_reader_win.cc(242)] ReadMemory at 0x7ffe91600000 of 64 bytes failed: Only part of a ReadProcessMemory or WriteProcessMemory request was completed. (0x12B)
[1102/015257.896:WARNING:pe_image_reader.cc(302)] could not read dos header from C:\WINDOWS\SYSTEM32\WINHTTP.dll
[1102/015257.896:ERROR:process_reader_win.cc(242)] ReadMemory at 0x7ffe91530000 of 64 bytes failed: Only part of a ReadProcessMemory or WriteProcessMemory request was completed. (0x12B)
[1102/015257.896:WARNING:pe_image_reader.cc(302)] could not read dos header from C:\WINDOWS\SYSTEM32\dhcpcsvc.DLL
[1102/015257.896:ERROR:process_reader_win.cc(242)] ReadMemory at 0x7ffe9ae70000 of 64 bytes failed: Only part of a ReadProcessMemory or WriteProcessMemory request was completed. (0x12B)
[1102/015257.897:WARNING:pe_image_reader.cc(302)] could not read dos header from C:\WINDOWS\System32\NSI.dll
[1102/015257.897:ERROR:process_reader_win.cc(242)] ReadMemory at 0x7ffe95530000 of 64 bytes failed: Only part of a ReadProcessMemory or WriteProcessMemory request was completed. (0x12B)
[1102/015257.897:WARNING:pe_image_reader.cc(302)] could not read dos header from C:\WINDOWS\SYSTEM32\PROPSYS.dll
[1102/015257.897:ERROR:process_reader_win.cc(242)] ReadMemory at 0x7ffe99480000 of 64 bytes failed: Only part of a ReadProcessMemory or WriteProcessMemory request was completed. (0x12B)
[1102/015257.897:WARNING:pe_image_reader.cc(302)] could not read dos header from C:\WINDOWS\SYSTEM32\bcrypt.dll
[1102/015257.897:ERROR:process_reader_win.cc(242)] ReadMemory at 0x7ffe855e0000 of 64 bytes failed: Only part of a ReadProcessMemory or WriteProcessMemory request was completed. (0x12B)
[1102/015257.897:WARNING:pe_image_reader.cc(302)] could not read dos header from C:\WINDOWS\SYSTEM32\iertutil.dll
[1102/015257.897:ERROR:process_reader_win.cc(242)] ReadMemory at 0x7ffe997a0000 of 64 bytes failed: Only part of a ReadProcessMemory or WriteProcessMemory request was completed. (0x12B)
[1102/015257.897:WARNING:pe_image_reader.cc(302)] could not read dos header from C:\WINDOWS\SYSTEM32\SSPICLI.DLL
[1102/015257.911:ERROR:process_reader_win.cc(242)] ReadMemory at 0x67c19f6000 of 40960 bytes failed: Only part of a ReadProcessMemory or WriteProcessMemory request was completed. (0x12B)
[1102/015257.911:ERROR:process_reader_win.cc(242)] ReadMemory at 0x67c1bfe000 of 8192 bytes failed: Only part of a ReadProcessMemory or WriteProcessMemory request was completed. (0x12B)
[1102/015257.912:ERROR:process_reader_win.cc(242)] ReadMemory at 0x67c1dfd000 of 12288 bytes failed: Only part of a ReadProcessMemory or WriteProcessMemory request was completed. (0x12B)
[1102/015257.912:ERROR:process_reader_win.cc(242)] ReadMemory at 0x67c1ffe000 of 8192 bytes failed: Only part of a ReadProcessMemory or WriteProcessMemory request was completed. (0x12B)
[1102/015257.912:ERROR:process_reader_win.cc(242)] ReadMemory at 0x67c21fe000 of 8192 bytes failed: Only part of a ReadProcessMemory or WriteProcessMemory request was completed. (0x12B)
[1102/015257.912:ERROR:process_reader_win.cc(242)] ReadMemory at 0x67c23fe000 of 8192 bytes failed: Only part of a ReadProcessMemory or WriteProcessMemory request was completed. (0x12B)
[1102/015257.912:ERROR:process_reader_win.cc(242)] ReadMemory at 0x67c25fd000 of 12288 bytes failed: Only part of a ReadProcessMemory or WriteProcessMemory request was completed. (0x12B)
[1102/015257.912:ERROR:process_reader_win.cc(242)] ReadMemory at 0x67c27fe000 of 8192 bytes failed: Only part of a ReadProcessMemory or WriteProcessMemory request was completed. (0x12B)
[1102/015257.912:ERROR:process_reader_win.cc(242)] ReadMemory at 0x67c29fe000 of 8192 bytes failed: Only part of a ReadProcessMemory or WriteProcessMemory request was completed. (0x12B)
[1102/015257.912:ERROR:process_reader_win.cc(242)] ReadMemory at 0x67c2bfd000 of 12288 bytes failed: Only part of a ReadProcessMemory or WriteProcessMemory request was completed. (0x12B)
[1102/015257.912:ERROR:process_reader_win.cc(242)] ReadMemory at 0x67c2dfe000 of 8192 bytes failed: Only part of a ReadProcessMemory or WriteProcessMemory request was completed. (0x12B)
[1102/015257.912:ERROR:process_reader_win.cc(242)] ReadMemory at 0x67c2ffe000 of 8192 bytes failed: Only part of a ReadProcessMemory or WriteProcessMemory request was completed. (0x12B)
[1102/015257.913:ERROR:process_reader_win.cc(242)] ReadMemory at 0x67c31fe000 of 8192 bytes failed: Only part of a ReadProcessMemory or WriteProcessMemory request was completed. (0x12B)
[1102/015257.913:ERROR:process_reader_win.cc(242)] ReadMemory at 0x67c33fe000 of 8192 bytes failed: Only part of a ReadProcessMemory or WriteProcessMemory request was completed. (0x12B)
[1102/015257.913:ERROR:process_reader_win.cc(242)] ReadMemory at 0x67c175a000 of 852 bytes failed: Only part of a ReadProcessMemory or WriteProcessMemory request was completed. (0x12B)
[1102/015257.913:ERROR:process_reader_win.cc(242)] ReadMemory at 0x67c175b000 of 6024 bytes failed: Only part of a ReadProcessMemory or WriteProcessMemory request was completed. (0x12B)
[1102/015257.913:ERROR:process_reader_win.cc(242)] ReadMemory at 0x67c175d000 of 6024 bytes failed: Only part of a ReadProcessMemory or WriteProcessMemory request was completed. (0x12B)
[1102/015257.913:ERROR:process_reader_win.cc(242)] ReadMemory at 0x67c175f000 of 6024 bytes failed: Only part of a ReadProcessMemory or WriteProcessMemory request was completed. (0x12B)
[1102/015257.913:ERROR:process_reader_win.cc(242)] ReadMemory at 0x67c1761000 of 6024 bytes failed: Only part of a ReadProcessMemory or WriteProcessMemory request was completed. (0x12B)
[1102/015257.913:ERROR:process_reader_win.cc(242)] ReadMemory at 0x67c1763000 of 6024 bytes failed: Only part of a ReadProcessMemory or WriteProcessMemory request was completed. (0x12B)
[1102/015257.913:ERROR:process_reader_win.cc(242)] ReadMemory at 0x67c1765000 of 6024 bytes failed: Only part of a ReadProcessMemory or WriteProcessMemory request was completed. (0x12B)
[1102/015257.913:ERROR:process_reader_win.cc(242)] ReadMemory at 0x67c1767000 of 6024 bytes failed: Only part of a ReadProcessMemory or WriteProcessMemory request was completed. (0x12B)
[1102/015257.913:ERROR:process_reader_win.cc(242)] ReadMemory at 0x67c1769000 of 6024 bytes failed: Only part of a ReadProcessMemory or WriteProcessMemory request was completed. (0x12B)
[1102/015257.914:ERROR:process_reader_win.cc(242)] ReadMemory at 0x67c176b000 of 6024 bytes failed: Only part of a ReadProcessMemory or WriteProcessMemory request was completed. (0x12B)
[1102/015257.914:ERROR:process_reader_win.cc(242)] ReadMemory at 0x67c176d000 of 6024 bytes failed: Only part of a ReadProcessMemory or WriteProcessMemory request was completed. (0x12B)
[1102/015257.914:ERROR:process_reader_win.cc(242)] ReadMemory at 0x67c176f000 of 6024 bytes failed: Only part of a ReadProcessMemory or WriteProcessMemory request was completed. (0x12B)
[1102/015257.914:ERROR:process_reader_win.cc(242)] ReadMemory at 0x67c1771000 of 6024 bytes failed: Only part of a ReadProcessMemory or WriteProcessMemory request was completed. (0x12B)
[1102/015257.914:ERROR:process_reader_win.cc(242)] ReadMemory at 0x67c1773000 of 6024 bytes failed: Only part of a ReadProcessMemory or WriteProcessMemory request was completed. (0x12B)
[1102/015257.914:ERROR:process_reader_win.cc(242)] ReadMemory at 0x67c1775000 of 6024 bytes failed: Only part of a ReadProcessMemory or WriteProcessMemory request was completed. (0x12B)
[1102/015257.915:ERROR:process_reader_win.cc(242)] ReadMemory at 0x242bdd50fc0 of 5930 bytes failed: Only part of a ReadProcessMemory or WriteProcessMemory request was completed. (0x12B)
[1102/015257.915:ERROR:process_reader_win.cc(242)] ReadMemory at 0x242bdd52700 of 1012 bytes failed: Only part of a ReadProcessMemory or WriteProcessMemory request was completed. (0x12B)
[1102/015257.915:ERROR:process_reader_win.cc(242)] ReadMemory at 0x242bdd52d18 of 118 bytes failed: Only part of a ReadProcessMemory or WriteProcessMemory request was completed. (0x12B)
[1102/015257.915:ERROR:process_reader_win.cc(242)] ReadMemory at 0x242bdd52d90 of 1422 bytes failed: Only part of a ReadProcessMemory or WriteProcessMemory request was completed. (0x12B)
[1102/015257.915:ERROR:process_reader_win.cc(242)] ReadMemory at 0x242bdd53320 of 118 bytes failed: Only part of a ReadProcessMemory or WriteProcessMemory request was completed. (0x12B)
[1102/015257.915:ERROR:process_reader_win.cc(242)] ReadMemory at 0x242bdd53398 of 96 bytes failed: Only part of a ReadProcessMemory or WriteProcessMemory request was completed. (0x12B)
[1102/015257.915:ERROR:process_reader_win.cc(242)] ReadMemory at 0x242bdd53410 of 58 bytes failed: Only part of a ReadProcessMemory or WriteProcessMemory request was completed. (0x12B)
[1102/015257.915:ERROR:process_reader_win.cc(242)] ReadMemory at 0x242bdd53510 of 132 bytes failed: Only part of a ReadProcessMemory or WriteProcessMemory request was completed. (0x12B)
[1102/015257.915:ERROR:process_reader_win.cc(242)] ReadMemory at 0x242bdd536a0 of 132 bytes failed: Only part of a ReadProcessMemory or WriteProcessMemory request was completed. (0x12B)
[1102/015257.915:ERROR:process_reader_win.cc(242)] ReadMemory at 0x242bdd53860 of 124 bytes failed: Only part of a ReadProcessMemory or WriteProcessMemory request was completed. (0x12B)
[1102/015257.915:ERROR:process_reader_win.cc(242)] ReadMemory at 0x242bdd53c40 of 132 bytes failed: Only part of a ReadProcessMemory or WriteProcessMemory request was completed. (0x12B)
[1102/015257.915:ERROR:process_reader_win.cc(242)] ReadMemory at 0x242bdd53dd0 of 64 bytes failed: Only part of a ReadProcessMemory or WriteProcessMemory request was completed. (0x12B)
[1102/015257.915:ERROR:process_reader_win.cc(242)] ReadMemory at 0x242bdd53f30 of 132 bytes failed: Only part of a ReadProcessMemory or WriteProcessMemory request was completed. (0x12B)
[1102/015257.915:ERROR:process_reader_win.cc(242)] ReadMemory at 0x242bdd54130 of 62 bytes failed: Only part of a ReadProcessMemory or WriteProcessMemory request was completed. (0x12B)
[1102/015257.915:ERROR:process_reader_win.cc(242)] ReadMemory at 0x242bdd54220 of 132 bytes failed: Only part of a ReadProcessMemory or WriteProcessMemory request was completed. (0x12B)
[1102/015257.915:ERROR:process_reader_win.cc(242)] ReadMemory at 0x242bdd543b0 of 68 bytes failed: Only part of a ReadProcessMemory or WriteProcessMemory request was completed. (0x12B)
[1102/015257.916:ERROR:process_reader_win.cc(242)] ReadMemory at 0x242bdd5a8f0 of 132 bytes failed: Only part of a ReadProcessMemory or WriteProcessMemory request was completed. (0x12B)
[1102/015257.916:ERROR:process_reader_win.cc(242)] ReadMemory at 0x242bdd5ab30 of 132 bytes failed: Only part of a ReadProcessMemory or WriteProcessMemory request was completed. (0x12B)
[1102/015257.916:ERROR:process_reader_win.cc(242)] ReadMemory at 0x242bdd5acc0 of 62 bytes failed: Only part of a ReadProcessMemory or WriteProcessMemory request was completed. (0x12B)
[1102/015257.916:ERROR:process_reader_win.cc(242)] ReadMemory at 0x242bdd5c430 of 132 bytes failed: Only part of a ReadProcessMemory or WriteProcessMemory request was completed. (0x12B)
[1102/015257.916:ERROR:process_reader_win.cc(242)] ReadMemory at 0x242bdd5c5c0 of 60 bytes failed: Only part of a ReadProcessMemory or WriteProcessMemory request was completed. (0x12B)
[1102/015257.916:ERROR:process_reader_win.cc(242)] ReadMemory at 0x242bdd5c610 of 156 bytes failed: Only part of a ReadProcessMemory or WriteProcessMemory request was completed. (0x12B)
[1102/015257.916:ERROR:process_reader_win.cc(242)] ReadMemory at 0x242bdd5c810 of 132 bytes failed: Only part of a ReadProcessMemory or WriteProcessMemory request was completed. (0x12B)
[1102/015257.916:ERROR:process_reader_win.cc(242)] ReadMemory at 0x242bdd5c9a0 of 64 bytes failed: Only part of a ReadProcessMemory or WriteProcessMemory request was completed. (0x12B)
[1102/015257.916:ERROR:process_reader_win.cc(242)] ReadMemory at 0x242bdd5cc20 of 132 bytes failed: Only part of a ReadProcessMemory or WriteProcessMemory request was completed. (0x12B)
[1102/015257.916:ERROR:process_reader_win.cc(242)] ReadMemory at 0x242bdd5cdb0 of 64 bytes failed: Only part of a ReadProcessMemory or WriteProcessMemory request was completed. (0x12B)
[1102/015257.916:ERROR:process_reader_win.cc(242)] ReadMemory at 0x242bdd5d010 of 132 bytes failed: Only part of a ReadProcessMemory or WriteProcessMemory request was completed. (0x12B)
[1102/015257.916:ERROR:process_reader_win.cc(242)] ReadMemory at 0x242bdd5d1a0 of 60 bytes failed: Only part of a ReadProcessMemory or WriteProcessMemory request was completed. (0x12B)
[1102/015257.916:ERROR:process_reader_win.cc(242)] ReadMemory at 0x242bdd5d4c0 of 132 bytes failed: Only part of a ReadProcessMemory or WriteProcessMemory request was completed. (0x12B)
[1102/015257.916:ERROR:process_reader_win.cc(242)] ReadMemory at 0x242bdd5d650 of 60 bytes failed: Only part of a ReadProcessMemory or WriteProcessMemory request was completed. (0x12B)
[1102/015257.916:ERROR:process_reader_win.cc(242)] ReadMemory at 0x242bdd5d890 of 132 bytes failed: Only part of a ReadProcessMemory or WriteProcessMemory request was completed. (0x12B)
[1102/015257.916:ERROR:process_reader_win.cc(242)] ReadMemory at 0x242bdd5da20 of 62 bytes failed: Only part of a ReadProcessMemory or WriteProcessMemory request was completed. (0x12B)
[1102/015257.916:ERROR:process_reader_win.cc(242)] ReadMemory at 0x242bdd5e570 of 132 bytes failed: Only part of a ReadProcessMemory or WriteProcessMemory request was completed. (0x12B)
[1102/015257.916:ERROR:process_reader_win.cc(242)] ReadMemory at 0x242bdd5e8d0 of 78 bytes failed: Only part of a ReadProcessMemory or WriteProcessMemory request was completed. (0x12B)
[1102/015257.916:ERROR:process_reader_win.cc(242)] ReadMemory at 0x242bdd5e930 of 76 bytes failed: Only part of a ReadProcessMemory or WriteProcessMemory request was completed. (0x12B)
[1102/015257.917:ERROR:process_reader_win.cc(242)] ReadMemory at 0x242bdd5e990 of 80 bytes failed: Only part of a ReadProcessMemory or WriteProcessMemory request was completed. (0x12B)
[1102/015257.917:ERROR:process_reader_win.cc(242)] ReadMemory at 0x242bdd5f040 of 132 bytes failed: Only part of a ReadProcessMemory or WriteProcessMemory request was completed. (0x12B)
[1102/015257.917:ERROR:process_reader_win.cc(242)] ReadMemory at 0x242bdd5f520 of 132 bytes failed: Only part of a ReadProcessMemory or WriteProcessMemory request was completed. (0x12B)
[1102/015257.917:ERROR:process_reader_win.cc(242)] ReadMemory at 0x242bdd5f650 of 64 bytes failed: Only part of a ReadProcessMemory or WriteProcessMemory request was completed. (0x12B)
[1102/015257.917:ERROR:process_reader_win.cc(242)] ReadMemory at 0x242bdd607c0 of 132 bytes failed: Only part of a ReadProcessMemory or WriteProcessMemory request was completed. (0x12B)
[1102/015257.917:ERROR:process_reader_win.cc(242)] ReadMemory at 0x242bdd60940 of 66 bytes failed: Only part of a ReadProcessMemory or WriteProcessMemory request was completed. (0x12B)
[1102/015257.917:ERROR:process_reader_win.cc(242)] ReadMemory at 0x242bdd60990 of 58 bytes failed: Only part of a ReadProcessMemory or WriteProcessMemory request was completed. (0x12B)
[1102/015257.917:ERROR:process_reader_win.cc(242)] ReadMemory at 0x242bdd60a30 of 62 bytes failed: Only part of a ReadProcessMemory or WriteProcessMemory request was completed. (0x12B)
[1102/015257.917:ERROR:process_reader_win.cc(242)] ReadMemory at 0x242bdd60a80 of 58 bytes failed: Only part of a ReadProcessMemory or WriteProcessMemory request was completed. (0x12B)
[1102/015257.917:ERROR:process_reader_win.cc(242)] ReadMemory at 0x242bdd60ad0 of 62 bytes failed: Only part of a ReadProcessMemory or WriteProcessMemory request was completed. (0x12B)
[1102/015257.917:ERROR:process_reader_win.cc(242)] ReadMemory at 0x242bdd60b20 of 62 bytes failed: Only part of a ReadProcessMemory or WriteProcessMemory request was completed. (0x12B)
[1102/015257.917:ERROR:process_reader_win.cc(242)] ReadMemory at 0x242bdd60bc0 of 64 bytes failed: Only part of a ReadProcessMemory or WriteProcessMemory request was completed. (0x12B)
[1102/015257.917:ERROR:process_reader_win.cc(242)] ReadMemory at 0x242bdd60df0 of 62 bytes failed: Only part of a ReadProcessMemory or WriteProcessMemory request was completed. (0x12B)
[1102/015257.917:ERROR:process_reader_win.cc(242)] ReadMemory at 0x242bdd60e40 of 58 bytes failed: Only part of a ReadProcessMemory or WriteProcessMemory request was completed. (0x12B)
[1102/015257.917:ERROR:process_reader_win.cc(242)] ReadMemory at 0x242bdd60e90 of 62 bytes failed: Only part of a ReadProcessMemory or WriteProcessMemory request was completed. (0x12B)
[1102/015257.917:ERROR:process_reader_win.cc(242)] ReadMemory at 0x242bdd60ee0 of 60 bytes failed: Only part of a ReadProcessMemory or WriteProcessMemory request was completed. (0x12B)
[1102/015257.917:ERROR:process_reader_win.cc(242)] ReadMemory at 0x242bdd60f30 of 60 bytes failed: Only part of a ReadProcessMemory or WriteProcessMemory request was completed. (0x12B)
[1102/015257.917:ERROR:process_reader_win.cc(242)] ReadMemory at 0x242bdd60f80 of 66 bytes failed: Only part of a ReadProcessMemory or WriteProcessMemory request was completed. (0x12B)
[1102/015257.918:ERROR:process_reader_win.cc(242)] ReadMemory at 0x242bdd60fd0 of 60 bytes failed: Only part of a ReadProcessMemory or WriteProcessMemory request was completed. (0x12B)
[1102/015257.918:ERROR:process_reader_win.cc(242)] ReadMemory at 0x242bdd61220 of 132 bytes failed: Only part of a ReadProcessMemory or WriteProcessMemory request was completed. (0x12B)
[1102/015257.918:ERROR:process_reader_win.cc(242)] ReadMemory at 0x242bdd61350 of 132 bytes failed: Only part of a ReadProcessMemory or WriteProcessMemory request was completed. (0x12B)
[1102/015257.918:ERROR:process_reader_win.cc(242)] ReadMemory at 0x242bdd61480 of 132 bytes failed: Only part of a ReadProcessMemory or WriteProcessMemory request was completed. (0x12B)
[1102/015257.918:ERROR:process_reader_win.cc(242)] ReadMemory at 0x242bdd615b0 of 132 bytes failed: Only part of a ReadProcessMemory or WriteProcessMemory request was completed. (0x12B)
[1102/015257.918:ERROR:process_reader_win.cc(242)] ReadMemory at 0x242bdd616e0 of 132 bytes failed: Only part of a ReadProcessMemory or WriteProcessMemory request was completed. (0x12B)
[1102/015257.918:ERROR:process_reader_win.cc(242)] ReadMemory at 0x242bdd61810 of 132 bytes failed: Only part of a ReadProcessMemory or WriteProcessMemory request was completed. (0x12B)
[1102/015257.918:ERROR:process_reader_win.cc(242)] ReadMemory at 0x242bdd61940 of 132 bytes failed: Only part of a ReadProcessMemory or WriteProcessMemory request was completed. (0x12B)
[1102/015257.918:ERROR:process_reader_win.cc(242)] ReadMemory at 0x242bdd61a70 of 132 bytes failed: Only part of a ReadProcessMemory or WriteProcessMemory request was completed. (0x12B)
[1102/015257.918:ERROR:process_reader_win.cc(242)] ReadMemory at 0x242bdd61ba0 of 132 bytes failed: Only part of a ReadProcessMemory or WriteProcessMemory request was completed. (0x12B)
[1102/015257.918:ERROR:process_reader_win.cc(242)] ReadMemory at 0x242bdd61cd0 of 132 bytes failed: Only part of a ReadProcessMemory or WriteProcessMemory request was completed. (0x12B)
[1102/015257.918:ERROR:process_reader_win.cc(242)] ReadMemory at 0x242bdd61e00 of 132 bytes failed: Only part of a ReadProcessMemory or WriteProcessMemory request was completed. (0x12B)
[1102/015257.918:ERROR:process_reader_win.cc(242)] ReadMemory at 0x242bdd61f30 of 132 bytes failed: Only part of a ReadProcessMemory or WriteProcessMemory request was completed. (0x12B)
[1102/015257.918:ERROR:process_reader_win.cc(242)] ReadMemory at 0x242bdd62060 of 132 bytes failed: Only part of a ReadProcessMemory or WriteProcessMemory request was completed. (0x12B)
[1102/015257.918:ERROR:process_reader_win.cc(242)] ReadMemory at 0x242bdd622d0 of 246 bytes failed: Only part of a ReadProcessMemory or WriteProcessMemory request was completed. (0x12B)
[1102/015257.918:ERROR:process_reader_win.cc(242)] ReadMemory at 0x242bdd633a0 of 512 bytes failed: Only part of a ReadProcessMemory or WriteProcessMemory request was completed. (0x12B)
[1102/015257.918:ERROR:process_reader_win.cc(242)] ReadMemory at 0x242bdd63c70 of 132 bytes failed: Only part of a ReadProcessMemory or WriteProcessMemory request was completed. (0x12B)
[1102/015257.919:ERROR:process_reader_win.cc(242)] ReadMemory at 0x242bdd63da0 of 132 bytes failed: Only part of a ReadProcessMemory or WriteProcessMemory request was completed. (0x12B)
[1102/015257.919:ERROR:process_reader_win.cc(242)] ReadMemory at 0x242bdd63ed0 of 132 bytes failed: Only part of a ReadProcessMemory or WriteProcessMemory request was completed. (0x12B)
[1102/015257.919:ERROR:process_reader_win.cc(242)] ReadMemory at 0x242bdd64000 of 132 bytes failed: Only part of a ReadProcessMemory or WriteProcessMemory request was completed. (0x12B)
[1102/015257.919:ERROR:process_reader_win.cc(242)] ReadMemory at 0x242bdd64130 of 132 bytes failed: Only part of a ReadProcessMemory or WriteProcessMemory request was completed. (0x12B)
[1102/015257.919:ERROR:process_reader_win.cc(242)] ReadMemory at 0x242bdd64260 of 132 bytes failed: Only part of a ReadProcessMemory or WriteProcessMemory request was completed. (0x12B)
[1102/015257.919:ERROR:process_reader_win.cc(242)] ReadMemory at 0x242bdd64390 of 132 bytes failed: Only part of a ReadProcessMemory or WriteProcessMemory request was completed. (0x12B)
[1102/015257.919:ERROR:process_reader_win.cc(242)] ReadMemory at 0x242bdd644c0 of 132 bytes failed: Only part of a ReadProcessMemory or WriteProcessMemory request was completed. (0x12B)
[1102/015257.919:ERROR:process_reader_win.cc(242)] ReadMemory at 0x242bdd645f0 of 132 bytes failed: Only part of a ReadProcessMemory or WriteProcessMemory request was completed. (0x12B)
[1102/015257.919:ERROR:process_reader_win.cc(242)] ReadMemory at 0x242bdd64720 of 132 bytes failed: Only part of a ReadProcessMemory or WriteProcessMemory request was completed. (0x12B)
[1102/015257.919:ERROR:process_reader_win.cc(242)] ReadMemory at 0x242bdd64850 of 132 bytes failed: Only part of a ReadProcessMemory or WriteProcessMemory request was completed. (0x12B)
[1102/015257.919:ERROR:process_reader_win.cc(242)] ReadMemory at 0x242bdd64980 of 132 bytes failed: Only part of a ReadProcessMemory or WriteProcessMemory request was completed. (0x12B)
[1102/015257.919:ERROR:process_reader_win.cc(242)] ReadMemory at 0x242bdd64ab0 of 132 bytes failed: Only part of a ReadProcessMemory or WriteProcessMemory request was completed. (0x12B)
[1102/015257.919:ERROR:process_reader_win.cc(242)] ReadMemory at 0x242bdd64be0 of 132 bytes failed: Only part of a ReadProcessMemory or WriteProcessMemory request was completed. (0x12B)
[1102/015257.919:ERROR:process_reader_win.cc(242)] ReadMemory at 0x242bdd64d10 of 132 bytes failed: Only part of a ReadProcessMemory or WriteProcessMemory request was completed. (0x12B)
[1102/015257.919:ERROR:process_reader_win.cc(242)] ReadMemory at 0x242bdd64e40 of 132 bytes failed: Only part of a ReadProcessMemory or WriteProcessMemory request was completed. (0x12B)
[1102/015257.919:ERROR:process_reader_win.cc(242)] ReadMemory at 0x242bdd650a0 of 132 bytes failed: Only part of a ReadProcessMemory or WriteProcessMemory request was completed. (0x12B)
[1102/015257.919:ERROR:process_reader_win.cc(242)] ReadMemory at 0x242bdd651d0 of 132 bytes failed: Only part of a ReadProcessMemory or WriteProcessMemory request was completed. (0x12B)
[1102/015257.919:ERROR:process_reader_win.cc(242)] ReadMemory at 0x242bdd65300 of 132 bytes failed: Only part of a ReadProcessMemory or WriteProcessMemory request was completed. (0x12B)
[1102/015257.920:ERROR:process_reader_win.cc(242)] ReadMemory at 0x242bdd65430 of 132 bytes failed: Only part of a ReadProcessMemory or WriteProcessMemory request was completed. (0x12B)
[1102/015257.920:ERROR:process_reader_win.cc(242)] ReadMemory at 0x242bdd65560 of 132 bytes failed: Only part of a ReadProcessMemory or WriteProcessMemory request was completed. (0x12B)
[1102/015257.920:ERROR:process_reader_win.cc(242)] ReadMemory at 0x242bdd65690 of 132 bytes failed: Only part of a ReadProcessMemory or WriteProcessMemory request was completed. (0x12B)
[1102/015257.920:ERROR:process_reader_win.cc(242)] ReadMemory at 0x242bdd657c0 of 132 bytes failed: Only part of a ReadProcessMemory or WriteProcessMemory request was completed. (0x12B)
[1102/015257.920:ERROR:process_reader_win.cc(242)] ReadMemory at 0x242bdd658f0 of 132 bytes failed: Only part of a ReadProcessMemory or WriteProcessMemory request was completed. (0x12B)
[1102/015257.920:ERROR:process_reader_win.cc(242)] ReadMemory at 0x242bdd65a20 of 132 bytes failed: Only part of a ReadProcessMemory or WriteProcessMemory request was completed. (0x12B)
[1102/015257.920:ERROR:process_reader_win.cc(242)] ReadMemory at 0x242bdd66c40 of 152 bytes failed: Only part of a ReadProcessMemory or WriteProcessMemory request was completed. (0x12B)
[1102/015257.920:ERROR:process_reader_win.cc(242)] ReadMemory at 0x242bdd69630 of 64 bytes failed: Only part of a ReadProcessMemory or WriteProcessMemory request was completed. (0x12B)
[1102/015257.920:ERROR:process_reader_win.cc(242)] ReadMemory at 0x242bdd69680 of 66 bytes failed: Only part of a ReadProcessMemory or WriteProcessMemory request was completed. (0x12B)
[1102/015257.920:ERROR:process_reader_win.cc(242)] ReadMemory at 0x242bdd69a90 of 60 bytes failed: Only part of a ReadProcessMemory or WriteProcessMemory request was completed. (0x12B)
[1102/015257.920:ERROR:process_reader_win.cc(242)] ReadMemory at 0x242bdd69ae0 of 62 bytes failed: Only part of a ReadProcessMemory or WriteProcessMemory request was completed. (0x12B)
[1102/015257.920:ERROR:process_reader_win.cc(242)] ReadMemory at 0x242bdd69b30 of 64 bytes failed: Only part of a ReadProcessMemory or WriteProcessMemory request was completed. (0x12B)
[1102/015257.920:ERROR:process_reader_win.cc(242)] ReadMemory at 0x242bdd69b80 of 64 bytes failed: Only part of a ReadProcessMemory or WriteProcessMemory request was completed. (0x12B)
[1102/015257.920:ERROR:process_reader_win.cc(242)] ReadMemory at 0x242bdd6a170 of 58 bytes failed: Only part of a ReadProcessMemory or WriteProcessMemory request was completed. (0x12B)
[1102/015257.920:ERROR:process_reader_win.cc(242)] ReadMemory at 0x242bdd6a260 of 66 bytes failed: Only part of a ReadProcessMemory or WriteProcessMemory request was completed. (0x12B)
[1102/015257.920:ERROR:process_reader_win.cc(242)] ReadMemory at 0x242bdd6a440 of 60 bytes failed: Only part of a ReadProcessMemory or WriteProcessMemory request was completed. (0x12B)
[1102/015257.920:ERROR:process_reader_win.cc(242)] ReadMemory at 0x242bdd6a530 of 58 bytes failed: Only part of a ReadProcessMemory or WriteProcessMemory request was completed. (0x12B)
[1102/015257.921:ERROR:process_reader_win.cc(242)] ReadMemory at 0x242bdd6a580 of 64 bytes failed: Only part of a ReadProcessMemory or WriteProcessMemory request was completed. (0x12B)
[1102/015257.921:ERROR:process_reader_win.cc(242)] ReadMemory at 0x242bdd70720 of 54 bytes failed: Only part of a ReadProcessMemory or WriteProcessMemory request was completed. (0x12B)
[1102/015257.921:ERROR:process_reader_win.cc(242)] ReadMemory at 0x242bdd78480 of 62 bytes failed: Only part of a ReadProcessMemory or WriteProcessMemory request was completed. (0x12B)
[1102/015257.921:ERROR:process_reader_win.cc(242)] ReadMemory at 0x242bdd78610 of 64 bytes failed: Only part of a ReadProcessMemory or WriteProcessMemory request was completed. (0x12B)
[1102/015257.921:ERROR:process_reader_win.cc(242)] ReadMemory at 0x242bdd78840 of 64 bytes failed: Only part of a ReadProcessMemory or WriteProcessMemory request was completed. (0x12B)
[1102/015257.921:ERROR:process_reader_win.cc(242)] ReadMemory at 0x242bdd78a20 of 62 bytes failed: Only part of a ReadProcessMemory or WriteProcessMemory request was completed. (0x12B)
[1102/015257.921:ERROR:process_reader_win.cc(242)] ReadMemory at 0x242bdd78c00 of 60 bytes failed: Only part of a ReadProcessMemory or WriteProcessMemory request was completed. (0x12B)
[1102/015257.921:ERROR:process_reader_win.cc(242)] ReadMemory at 0x242bdd78d40 of 60 bytes failed: Only part of a ReadProcessMemory or WriteProcessMemory request was completed. (0x12B)
[1102/015257.921:ERROR:process_reader_win.cc(242)] ReadMemory at 0x242bdd78ed0 of 62 bytes failed: Only part of a ReadProcessMemory or WriteProcessMemory request was completed. (0x12B)
[1102/015257.921:ERROR:process_reader_win.cc(242)] ReadMemory at 0x242bdd78f70 of 62 bytes failed: Only part of a ReadProcessMemory or WriteProcessMemory request was completed. (0x12B)
[1102/015257.921:ERROR:process_reader_win.cc(242)] ReadMemory at 0x242bdd78fc0 of 58 bytes failed: Only part of a ReadProcessMemory or WriteProcessMemory request was completed. (0x12B)
[1102/015257.921:ERROR:process_reader_win.cc(242)] ReadMemory at 0x242bdd79060 of 62 bytes failed: Only part of a ReadProcessMemory or WriteProcessMemory request was completed. (0x12B)
[1102/015257.921:ERROR:process_reader_win.cc(242)] ReadMemory at 0x242bdd79100 of 60 bytes failed: Only part of a ReadProcessMemory or WriteProcessMemory request was completed. (0x12B)
[1102/015257.921:ERROR:process_reader_win.cc(242)] ReadMemory at 0x242bdd79150 of 64 bytes failed: Only part of a ReadProcessMemory or WriteProcessMemory request was completed. (0x12B)
[1102/015257.921:ERROR:process_reader_win.cc(242)] ReadMemory at 0x242bdd791a0 of 56 bytes failed: Only part of a ReadProcessMemory or WriteProcessMemory request was completed. (0x12B)
[1102/015257.921:ERROR:process_reader_win.cc(242)] ReadMemory at 0x242bdd793d0 of 58 bytes failed: Only part of a ReadProcessMemory or WriteProcessMemory request was completed. (0x12B)
[1102/015257.921:ERROR:process_reader_win.cc(242)] ReadMemory at 0x242bdd7a660 of 132 bytes failed: Only part of a ReadProcessMemory or WriteProcessMemory request was completed. (0x12B)
[1102/015257.922:ERROR:process_reader_win.cc(242)] ReadMemory at 0x242bdd7a790 of 132 bytes failed: Only part of a ReadProcessMemory or WriteProcessMemory request was completed. (0x12B)
[1102/015257.922:ERROR:process_reader_win.cc(242)] ReadMemory at 0x242bdd7ac50 of 132 bytes failed: Only part of a ReadProcessMemory or WriteProcessMemory request was completed. (0x12B)
[1102/015257.922:ERROR:process_reader_win.cc(242)] ReadMemory at 0x242bdd7b110 of 132 bytes failed: Only part of a ReadProcessMemory or WriteProcessMemory request was completed. (0x12B)
[1102/015257.922:ERROR:process_reader_win.cc(242)] ReadMemory at 0x242bdd92770 of 512 bytes failed: Only part of a ReadProcessMemory or WriteProcessMemory request was completed. (0x12B)
[1102/015257.922:ERROR:process_reader_win.cc(242)] ReadMemory at 0x242be2b0000 of 384 bytes failed: Only part of a ReadProcessMemory or WriteProcessMemory request was completed. (0x12B)
[1102/015257.922:ERROR:process_reader_win.cc(242)] ReadMemory at 0x242be2c1630 of 944 bytes failed: Only part of a ReadProcessMemory or WriteProcessMemory request was completed. (0x12B)
[1102/015257.922:ERROR:process_reader_win.cc(242)] ReadMemory at 0x242be2e6ab8 of 512 bytes failed: Only part of a ReadProcessMemory or WriteProcessMemory request was completed. (0x12B)
[1102/015257.922:ERROR:process_reader_win.cc(242)] ReadMemory at 0x242be2f9350 of 512 bytes failed: Only part of a ReadProcessMemory or WriteProcessMemory request was completed. (0x12B)
[1102/015257.922:ERROR:process_reader_win.cc(242)] ReadMemory at 0x242be2fd3f0 of 512 bytes failed: Only part of a ReadProcessMemory or WriteProcessMemory request was completed. (0x12B)
[1102/015257.922:ERROR:process_reader_win.cc(242)] ReadMemory at 0x242be302f20 of 688 bytes failed: Only part of a ReadProcessMemory or WriteProcessMemory request was completed. (0x12B)
[1102/015257.922:ERROR:process_reader_win.cc(242)] ReadMemory at 0x242be30dd98 of 512 bytes failed: Only part of a ReadProcessMemory or WriteProcessMemory request was completed. (0x12B)
[1102/015257.922:ERROR:process_reader_win.cc(242)] ReadMemory at 0x242be5757e8 of 512 bytes failed: Only part of a ReadProcessMemory or WriteProcessMemory request was completed. (0x12B)
[1102/015257.922:ERROR:process_reader_win.cc(242)] ReadMemory at 0x242c0353280 of 512 bytes failed: Only part of a ReadProcessMemory or WriteProcessMemory request was completed. (0x12B)
[1102/015257.923:ERROR:process_reader_win.cc(242)] ReadMemory at 0x242c035a290 of 512 bytes failed: Only part of a ReadProcessMemory or WriteProcessMemory request was completed. (0x12B)
[1102/015257.923:ERROR:process_reader_win.cc(242)] ReadMemory at 0x242c03a1c90 of 512 bytes failed: Only part of a ReadProcessMemory or WriteProcessMemory request was completed. (0x12B)
[1102/015257.923:ERROR:process_reader_win.cc(242)] ReadMemory at 0x242c0479f68 of 512 bytes failed: Only part of a ReadProcessMemory or WriteProcessMemory request was completed. (0x12B)
[1102/015257.923:ERROR:process_reader_win.cc(242)] ReadMemory at 0x285830e80003 of 512 bytes failed: Only part of a ReadProcessMemory or WriteProcessMemory request was completed. (0x12B)
[1102/015257.923:ERROR:process_reader_win.cc(242)] ReadMemory at 0x6c8ba7b20058 of 512 bytes failed: Only part of a ReadProcessMemory or WriteProcessMemory request was completed. (0x12B)
[1102/015257.923:ERROR:process_reader_win.cc(242)] ReadMemory at 0x7ffe53584795 of 512 bytes failed: Only part of a ReadProcessMemory or WriteProcessMemory request was completed. (0x12B)
[1102/015257.923:ERROR:process_reader_win.cc(242)] ReadMemory at 0x7ffe535b71c0 of 512 bytes failed: Only part of a ReadProcessMemory or WriteProcessMemory request was completed. (0x12B)
[1102/015257.923:ERROR:process_reader_win.cc(242)] ReadMemory at 0x7ffe55ca87d0 of 512 bytes failed: Only part of a ReadProcessMemory or WriteProcessMemory request was completed. (0x12B)
[1102/015257.923:ERROR:process_reader_win.cc(242)] ReadMemory at 0x7ffe9d590000 of 384 bytes failed: Only part of a ReadProcessMemory or WriteProcessMemory request was completed. (0x12B)
[1102/015257.923:ERROR:process_reader_win.cc(242)] ReadMemory at 0x7ffe9d5af260 of 512 bytes failed: Only part of a ReadProcessMemory or WriteProcessMemory request was completed. (0x12B)
[1102/015257.923:ERROR:process_reader_win.cc(242)] ReadMemory at 0x7ffe9d5b09e0 of 512 bytes failed: Only part of a ReadProcessMemory or WriteProcessMemory request was completed. (0x12B)
[1102/015257.923:ERROR:process_reader_win.cc(242)] ReadMemory at 0x7ffe9d5b12d0 of 512 bytes failed: Only part of a ReadProcessMemory or WriteProcessMemory request was completed. (0x12B)
[1102/015257.923:ERROR:process_reader_win.cc(242)] ReadMemory at 0x7ffe9d5b30c0 of 512 bytes failed: Only part of a ReadProcessMemory or WriteProcessMemory request was completed. (0x12B)
[1102/015257.923:ERROR:process_reader_win.cc(242)] ReadMemory at 0x7ffe9d629ef4 of 672 bytes failed: Only part of a ReadProcessMemory or WriteProcessMemory request was completed. (0x12B)
[1102/015257.923:ERROR:process_reader_win.cc(242)] ReadMemory at 0x7ffe9d62a4f4 of 512 bytes failed: Only part of a ReadProcessMemory or WriteProcessMemory request was completed. (0x12B)
[1102/015257.923:ERROR:process_reader_win.cc(242)] ReadMemory at 0x7ffe9d62d764 of 608 bytes failed: Only part of a ReadProcessMemory or WriteProcessMemory request was completed. (0x12B)
[1102/015257.923:ERROR:process_reader_win.cc(242)] ReadMemory at 0x7ffe9d6a8aa0 of 512 bytes failed: Only part of a ReadProcessMemory or WriteProcessMemory request was completed. (0x12B)
[1102/015257.923:ERROR:process_reader_win.cc(242)] ReadMemory at 0x7ffe9d6b3810 of 18 bytes failed: Only part of a ReadProcessMemory or WriteProcessMemory request was completed. (0x12B)
[1102/015257.924:ERROR:process_reader_win.cc(242)] ReadMemory at 0x7ffe9d6e64e0 of 40 bytes failed: Only part of a ReadProcessMemory or WriteProcessMemory request was completed. (0x12B)
[1102/015257.924:ERROR:process_reader_win.cc(242)] ReadMemory at 0x7ffe9d6e6938 of 48 bytes failed: Only part of a ReadProcessMemory or WriteProcessMemory request was completed. (0x12B)
[1102/015257.924:ERROR:process_reader_win.cc(242)] ReadMemory at 0x7ffe9d6ec360 of 64 bytes failed: Only part of a ReadProcessMemory or WriteProcessMemory request was completed. (0x12B)
[1102/015258.142:ERROR:scoped_process_suspend.cc(40)] NtResumeProcess: An attempt was made to access an exiting process. (0xc000010a)
[1102/020416.353:ERROR:process_reader_win.cc(242)] ReadMemory at 0x1fef7500000 of 64 bytes failed: Only part of a ReadProcessMemory or WriteProcessMemory request was completed. (0x12B)
[1102/020416.354:WARNING:pe_image_reader.cc(302)] could not read dos header from C:\WINDOWS\System32\IMM32.DLL
[1102/020416.354:ERROR:process_reader_win.cc(242)] ReadMemory at 0x1fef7560000 of 64 bytes failed: Only part of a ReadProcessMemory or WriteProcessMemory request was completed. (0x12B)
[1102/020416.354:WARNING:pe_image_reader.cc(302)] could not read dos header from C:\WINDOWS\System32\WS2_32.dll
[1102/020416.372:ERROR:process_reader_win.cc(242)] ReadMemory at 0x36781f5000 of 45056 bytes failed: Only part of a ReadProcessMemory or WriteProcessMemory request was completed. (0x12B)
[1102/020416.372:ERROR:process_reader_win.cc(242)] ReadMemory at 0x36783fe000 of 8192 bytes failed: Only part of a ReadProcessMemory or WriteProcessMemory request was completed. (0x12B)
[1102/020416.372:ERROR:process_reader_win.cc(242)] ReadMemory at 0x36785fe000 of 8192 bytes failed: Only part of a ReadProcessMemory or WriteProcessMemory request was completed. (0x12B)
[1102/020416.373:ERROR:process_reader_win.cc(242)] ReadMemory at 0x36787fe000 of 8192 bytes failed: Only part of a ReadProcessMemory or WriteProcessMemory request was completed. (0x12B)
[1102/020416.373:ERROR:process_reader_win.cc(242)] ReadMemory at 0x36789fd000 of 12288 bytes failed: Only part of a ReadProcessMemory or WriteProcessMemory request was completed. (0x12B)
[1102/020416.373:ERROR:process_reader_win.cc(242)] ReadMemory at 0x3678bfe000 of 8192 bytes failed: Only part of a ReadProcessMemory or WriteProcessMemory request was completed. (0x12B)
[1102/020416.373:ERROR:process_reader_win.cc(242)] ReadMemory at 0x3678dfd000 of 12288 bytes failed: Only part of a ReadProcessMemory or WriteProcessMemory request was completed. (0x12B)
[1102/020416.373:ERROR:process_reader_win.cc(242)] ReadMemory at 0x3678ffe000 of 8192 bytes failed: Only part of a ReadProcessMemory or WriteProcessMemory request was completed. (0x12B)
[1102/020416.373:ERROR:process_reader_win.cc(242)] ReadMemory at 0x36791fe000 of 8192 bytes failed: Only part of a ReadProcessMemory or WriteProcessMemory request was completed. (0x12B)
[1102/020416.373:ERROR:process_reader_win.cc(242)] ReadMemory at 0x36793fc000 of 16384 bytes failed: Only part of a ReadProcessMemory or WriteProcessMemory request was completed. (0x12B)
[1102/020416.373:ERROR:process_reader_win.cc(242)] ReadMemory at 0x36795fe000 of 8192 bytes failed: Only part of a ReadProcessMemory or WriteProcessMemory request was completed. (0x12B)
[1102/020416.373:ERROR:process_reader_win.cc(242)] ReadMemory at 0x36797fe000 of 8192 bytes failed: Only part of a ReadProcessMemory or WriteProcessMemory request was completed. (0x12B)
[1102/020416.373:ERROR:process_reader_win.cc(242)] ReadMemory at 0x36799fe000 of 8192 bytes failed: Only part of a ReadProcessMemory or WriteProcessMemory request was completed. (0x12B)
[1102/020416.373:ERROR:process_reader_win.cc(242)] ReadMemory at 0x3679bfe000 of 8192 bytes failed: Only part of a ReadProcessMemory or WriteProcessMemory request was completed. (0x12B)
[1102/020416.374:ERROR:process_reader_win.cc(242)] ReadMemory at 0x3677fd9000 of 852 bytes failed: Only part of a ReadProcessMemory or WriteProcessMemory request was completed. (0x12B)
[1102/020416.374:ERROR:process_reader_win.cc(242)] ReadMemory at 0x3677fda000 of 6024 bytes failed: Only part of a ReadProcessMemory or WriteProcessMemory request was completed. (0x12B)
[1102/020416.374:ERROR:process_reader_win.cc(242)] ReadMemory at 0x3677fdc000 of 6024 bytes failed: Only part of a ReadProcessMemory or WriteProcessMemory request was completed. (0x12B)
[1102/020416.374:ERROR:process_reader_win.cc(242)] ReadMemory at 0x3677fde000 of 6024 bytes failed: Only part of a ReadProcessMemory or WriteProcessMemory request was completed. (0x12B)
[1102/020416.374:ERROR:process_reader_win.cc(242)] ReadMemory at 0x3677fe0000 of 6024 bytes failed: Only part of a ReadProcessMemory or WriteProcessMemory request was completed. (0x12B)
[1102/020416.374:ERROR:process_reader_win.cc(242)] ReadMemory at 0x3677fe2000 of 6024 bytes failed: Only part of a ReadProcessMemory or WriteProcessMemory request was completed. (0x12B)
[1102/020416.374:ERROR:process_reader_win.cc(242)] ReadMemory at 0x3677fe4000 of 6024 bytes failed: Only part of a ReadProcessMemory or WriteProcessMemory request was completed. (0x12B)
[1102/020416.374:ERROR:process_reader_win.cc(242)] ReadMemory at 0x3677fe6000 of 6024 bytes failed: Only part of a ReadProcessMemory or WriteProcessMemory request was completed. (0x12B)
[1102/020416.374:ERROR:process_reader_win.cc(242)] ReadMemory at 0x3677fe8000 of 6024 bytes failed: Only part of a ReadProcessMemory or WriteProcessMemory request was completed. (0x12B)
[1102/020416.374:ERROR:process_reader_win.cc(242)] ReadMemory at 0x3677fea000 of 6024 bytes failed: Only part of a ReadProcessMemory or WriteProcessMemory request was completed. (0x12B)
[1102/020416.375:ERROR:process_reader_win.cc(242)] ReadMemory at 0x3677fec000 of 6024 bytes failed: Only part of a ReadProcessMemory or WriteProcessMemory request was completed. (0x12B)
[1102/020416.375:ERROR:process_reader_win.cc(242)] ReadMemory at 0x3677fee000 of 6024 bytes failed: Only part of a ReadProcessMemory or WriteProcessMemory request was completed. (0x12B)
[1102/020416.375:ERROR:process_reader_win.cc(242)] ReadMemory at 0x3677ff0000 of 6024 bytes failed: Only part of a ReadProcessMemory or WriteProcessMemory request was completed. (0x12B)
[1102/020416.375:ERROR:process_reader_win.cc(242)] ReadMemory at 0x3677ff2000 of 6024 bytes failed: Only part of a ReadProcessMemory or WriteProcessMemory request was completed. (0x12B)
[1102/020416.375:ERROR:process_reader_win.cc(242)] ReadMemory at 0x3677ff4000 of 6024 bytes failed: Only part of a ReadProcessMemory or WriteProcessMemory request was completed. (0x12B)
[1102/020416.375:ERROR:process_reader_win.cc(242)] ReadMemory at 0x1fef7060fc0 of 5932 bytes failed: Only part of a ReadProcessMemory or WriteProcessMemory request was completed. (0x12B)
[1102/020416.375:ERROR:process_reader_win.cc(242)] ReadMemory at 0x1fef7062700 of 1012 bytes failed: Only part of a ReadProcessMemory or WriteProcessMemory request was completed. (0x12B)
[1102/020416.375:ERROR:process_reader_win.cc(242)] ReadMemory at 0x1fef7062d18 of 118 bytes failed: Only part of a ReadProcessMemory or WriteProcessMemory request was completed. (0x12B)
[1102/020416.375:ERROR:process_reader_win.cc(242)] ReadMemory at 0x1fef7062d90 of 1410 bytes failed: Only part of a ReadProcessMemory or WriteProcessMemory request was completed. (0x12B)
[1102/020416.375:ERROR:process_reader_win.cc(242)] ReadMemory at 0x1fef7063314 of 118 bytes failed: Only part of a ReadProcessMemory or WriteProcessMemory request was completed. (0x12B)
[1102/020416.375:ERROR:process_reader_win.cc(242)] ReadMemory at 0x1fef706338c of 96 bytes failed: Only part of a ReadProcessMemory or WriteProcessMemory request was completed. (0x12B)
[1102/020416.375:ERROR:process_reader_win.cc(242)] ReadMemory at 0x1fef7063400 of 58 bytes failed: Only part of a ReadProcessMemory or WriteProcessMemory request was completed. (0x12B)
[1102/020416.375:ERROR:process_reader_win.cc(242)] ReadMemory at 0x1fef7063500 of 132 bytes failed: Only part of a ReadProcessMemory or WriteProcessMemory request was completed. (0x12B)
[1102/020416.376:ERROR:process_reader_win.cc(242)] ReadMemory at 0x1fef7063690 of 132 bytes failed: Only part of a ReadProcessMemory or WriteProcessMemory request was completed. (0x12B)
[1102/020416.376:ERROR:process_reader_win.cc(242)] ReadMemory at 0x1fef7063850 of 124 bytes failed: Only part of a ReadProcessMemory or WriteProcessMemory request was completed. (0x12B)
[1102/020416.376:ERROR:process_reader_win.cc(242)] ReadMemory at 0x1fef7063c30 of 132 bytes failed: Only part of a ReadProcessMemory or WriteProcessMemory request was completed. (0x12B)
[1102/020416.376:ERROR:process_reader_win.cc(242)] ReadMemory at 0x1fef7063dc0 of 64 bytes failed: Only part of a ReadProcessMemory or WriteProcessMemory request was completed. (0x12B)
[1102/020416.376:ERROR:process_reader_win.cc(242)] ReadMemory at 0x1fef7063f20 of 132 bytes failed: Only part of a ReadProcessMemory or WriteProcessMemory request was completed. (0x12B)
[1102/020416.376:ERROR:process_reader_win.cc(242)] ReadMemory at 0x1fef7064120 of 62 bytes failed: Only part of a ReadProcessMemory or WriteProcessMemory request was completed. (0x12B)
[1102/020416.376:ERROR:process_reader_win.cc(242)] ReadMemory at 0x1fef7064210 of 132 bytes failed: Only part of a ReadProcessMemory or WriteProcessMemory request was completed. (0x12B)
[1102/020416.376:ERROR:process_reader_win.cc(242)] ReadMemory at 0x1fef70643a0 of 68 bytes failed: Only part of a ReadProcessMemory or WriteProcessMemory request was completed. (0x12B)
[1102/020416.376:ERROR:process_reader_win.cc(242)] ReadMemory at 0x1fef706a8d0 of 132 bytes failed: Only part of a ReadProcessMemory or WriteProcessMemory request was completed. (0x12B)
[1102/020416.376:ERROR:process_reader_win.cc(242)] ReadMemory at 0x1fef706ab10 of 132 bytes failed: Only part of a ReadProcessMemory or WriteProcessMemory request was completed. (0x12B)
[1102/020416.376:ERROR:process_reader_win.cc(242)] ReadMemory at 0x1fef706aca0 of 62 bytes failed: Only part of a ReadProcessMemory or WriteProcessMemory request was completed. (0x12B)
[1102/020416.376:ERROR:process_reader_win.cc(242)] ReadMemory at 0x1fef706c420 of 132 bytes failed: Only part of a ReadProcessMemory or WriteProcessMemory request was completed. (0x12B)
[1102/020416.376:ERROR:process_reader_win.cc(242)] ReadMemory at 0x1fef706c5b0 of 60 bytes failed: Only part of a ReadProcessMemory or WriteProcessMemory request was completed. (0x12B)
[1102/020416.376:ERROR:process_reader_win.cc(242)] ReadMemory at 0x1fef706c600 of 156 bytes failed: Only part of a ReadProcessMemory or WriteProcessMemory request was completed. (0x12B)
[1102/020416.376:ERROR:process_reader_win.cc(242)] ReadMemory at 0x1fef706c800 of 132 bytes failed: Only part of a ReadProcessMemory or WriteProcessMemory request was completed. (0x12B)
[1102/020416.376:ERROR:process_reader_win.cc(242)] ReadMemory at 0x1fef706c990 of 64 bytes failed: Only part of a ReadProcessMemory or WriteProcessMemory request was completed. (0x12B)
[1102/020416.377:ERROR:process_reader_win.cc(242)] ReadMemory at 0x1fef706cc10 of 132 bytes failed: Only part of a ReadProcessMemory or WriteProcessMemory request was completed. (0x12B)
[1102/020416.377:ERROR:process_reader_win.cc(242)] ReadMemory at 0x1fef706cda0 of 64 bytes failed: Only part of a ReadProcessMemory or WriteProcessMemory request was completed. (0x12B)
[1102/020416.377:ERROR:process_reader_win.cc(242)] ReadMemory at 0x1fef706d000 of 132 bytes failed: Only part of a ReadProcessMemory or WriteProcessMemory request was completed. (0x12B)
[1102/020416.377:ERROR:process_reader_win.cc(242)] ReadMemory at 0x1fef706d190 of 60 bytes failed: Only part of a ReadProcessMemory or WriteProcessMemory request was completed. (0x12B)
[1102/020416.377:ERROR:process_reader_win.cc(242)] ReadMemory at 0x1fef706d4b0 of 132 bytes failed: Only part of a ReadProcessMemory or WriteProcessMemory request was completed. (0x12B)
[1102/020416.377:ERROR:process_reader_win.cc(242)] ReadMemory at 0x1fef706d640 of 60 bytes failed: Only part of a ReadProcessMemory or WriteProcessMemory request was completed. (0x12B)
[1102/020416.377:ERROR:process_reader_win.cc(242)] ReadMemory at 0x1fef706d880 of 132 bytes failed: Only part of a ReadProcessMemory or WriteProcessMemory request was completed. (0x12B)
[1102/020416.377:ERROR:process_reader_win.cc(242)] ReadMemory at 0x1fef706da10 of 62 bytes failed: Only part of a ReadProcessMemory or WriteProcessMemory request was completed. (0x12B)
[1102/020416.377:ERROR:process_reader_win.cc(242)] ReadMemory at 0x1fef706e560 of 132 bytes failed: Only part of a ReadProcessMemory or WriteProcessMemory request was completed. (0x12B)
[1102/020416.377:ERROR:process_reader_win.cc(242)] ReadMemory at 0x1fef706eaa0 of 80 bytes failed: Only part of a ReadProcessMemory or WriteProcessMemory request was completed. (0x12B)
[1102/020416.377:ERROR:process_reader_win.cc(242)] ReadMemory at 0x1fef706ece0 of 78 bytes failed: Only part of a ReadProcessMemory or WriteProcessMemory request was completed. (0x12B)
[1102/020416.377:ERROR:process_reader_win.cc(242)] ReadMemory at 0x1fef706ee00 of 76 bytes failed: Only part of a ReadProcessMemory or WriteProcessMemory request was completed. (0x12B)
[1102/020416.377:ERROR:process_reader_win.cc(242)] ReadMemory at 0x1fef706f090 of 132 bytes failed: Only part of a ReadProcessMemory or WriteProcessMemory request was completed. (0x12B)
[1102/020416.377:ERROR:process_reader_win.cc(242)] ReadMemory at 0x1fef706f570 of 132 bytes failed: Only part of a ReadProcessMemory or WriteProcessMemory request was completed. (0x12B)
[1102/020416.377:ERROR:process_reader_win.cc(242)] ReadMemory at 0x1fef706f7e0 of 64 bytes failed: Only part of a ReadProcessMemory or WriteProcessMemory request was completed. (0x12B)
[1102/020416.378:ERROR:process_reader_win.cc(242)] ReadMemory at 0x1fef706f830 of 62 bytes failed: Only part of a ReadProcessMemory or WriteProcessMemory request was completed. (0x12B)
[1102/020416.378:ERROR:process_reader_win.cc(242)] ReadMemory at 0x1fef706f880 of 58 bytes failed: Only part of a ReadProcessMemory or WriteProcessMemory request was completed. (0x12B)
[1102/020416.378:ERROR:process_reader_win.cc(242)] ReadMemory at 0x1fef706f8d0 of 58 bytes failed: Only part of a ReadProcessMemory or WriteProcessMemory request was completed. (0x12B)
[1102/020416.378:ERROR:process_reader_win.cc(242)] ReadMemory at 0x1fef706f920 of 64 bytes failed: Only part of a ReadProcessMemory or WriteProcessMemory request was completed. (0x12B)
[1102/020416.378:ERROR:process_reader_win.cc(242)] ReadMemory at 0x1fef706f970 of 62 bytes failed: Only part of a ReadProcessMemory or WriteProcessMemory request was completed. (0x12B)
[1102/020416.378:ERROR:process_reader_win.cc(242)] ReadMemory at 0x1fef706fa10 of 58 bytes failed: Only part of a ReadProcessMemory or WriteProcessMemory request was completed. (0x12B)
[1102/020416.378:ERROR:process_reader_win.cc(242)] ReadMemory at 0x1fef706fab0 of 60 bytes failed: Only part of a ReadProcessMemory or WriteProcessMemory request was completed. (0x12B)
[1102/020416.378:ERROR:process_reader_win.cc(242)] ReadMemory at 0x1fef706fb50 of 60 bytes failed: Only part of a ReadProcessMemory or WriteProcessMemory request was completed. (0x12B)
[1102/020416.378:ERROR:process_reader_win.cc(242)] ReadMemory at 0x1fef706fba0 of 66 bytes failed: Only part of a ReadProcessMemory or WriteProcessMemory request was completed. (0x12B)
[1102/020416.378:ERROR:process_reader_win.cc(242)] ReadMemory at 0x1fef706fbf0 of 66 bytes failed: Only part of a ReadProcessMemory or WriteProcessMemory request was completed. (0x12B)
[1102/020416.378:ERROR:process_reader_win.cc(242)] ReadMemory at 0x1fef706fc40 of 62 bytes failed: Only part of a ReadProcessMemory or WriteProcessMemory request was completed. (0x12B)
[1102/020416.378:ERROR:process_reader_win.cc(242)] ReadMemory at 0x1fef706fc90 of 62 bytes failed: Only part of a ReadProcessMemory or WriteProcessMemory request was completed. (0x12B)
[1102/020416.378:ERROR:process_reader_win.cc(242)] ReadMemory at 0x1fef706fce0 of 60 bytes failed: Only part of a ReadProcessMemory or WriteProcessMemory request was completed. (0x12B)
[1102/020416.378:ERROR:process_reader_win.cc(242)] ReadMemory at 0x1fef706fd30 of 64 bytes failed: Only part of a ReadProcessMemory or WriteProcessMemory request was completed. (0x12B)
[1102/020416.378:ERROR:process_reader_win.cc(242)] ReadMemory at 0x1fef7070fe0 of 132 bytes failed: Only part of a ReadProcessMemory or WriteProcessMemory request was completed. (0x12B)
[1102/020416.378:ERROR:process_reader_win.cc(242)] ReadMemory at 0x1fef7071230 of 132 bytes failed: Only part of a ReadProcessMemory or WriteProcessMemory request was completed. (0x12B)
[1102/020416.379:ERROR:process_reader_win.cc(242)] ReadMemory at 0x1fef7071360 of 132 bytes failed: Only part of a ReadProcessMemory or WriteProcessMemory request was completed. (0x12B)
[1102/020416.379:ERROR:process_reader_win.cc(242)] ReadMemory at 0x1fef7071490 of 132 bytes failed: Only part of a ReadProcessMemory or WriteProcessMemory request was completed. (0x12B)
[1102/020416.379:ERROR:process_reader_win.cc(242)] ReadMemory at 0x1fef70715c0 of 132 bytes failed: Only part of a ReadProcessMemory or WriteProcessMemory request was completed. (0x12B)
[1102/020416.379:ERROR:process_reader_win.cc(242)] ReadMemory at 0x1fef70716f0 of 132 bytes failed: Only part of a ReadProcessMemory or WriteProcessMemory request was completed. (0x12B)
[1102/020416.379:ERROR:process_reader_win.cc(242)] ReadMemory at 0x1fef7071820 of 132 bytes failed: Only part of a ReadProcessMemory or WriteProcessMemory request was completed. (0x12B)
[1102/020416.379:ERROR:process_reader_win.cc(242)] ReadMemory at 0x1fef7071950 of 132 bytes failed: Only part of a ReadProcessMemory or WriteProcessMemory request was completed. (0x12B)
[1102/020416.379:ERROR:process_reader_win.cc(242)] ReadMemory at 0x1fef7071a80 of 132 bytes failed: Only part of a ReadProcessMemory or WriteProcessMemory request was completed. (0x12B)
[1102/020416.379:ERROR:process_reader_win.cc(242)] ReadMemory at 0x1fef7071bb0 of 132 bytes failed: Only part of a ReadProcessMemory or WriteProcessMemory request was completed. (0x12B)
[1102/020416.379:ERROR:process_reader_win.cc(242)] ReadMemory at 0x1fef7071ce0 of 132 bytes failed: Only part of a ReadProcessMemory or WriteProcessMemory request was completed. (0x12B)
[1102/020416.379:ERROR:process_reader_win.cc(242)] ReadMemory at 0x1fef7071e10 of 132 bytes failed: Only part of a ReadProcessMemory or WriteProcessMemory request was completed. (0x12B)
[1102/020416.379:ERROR:process_reader_win.cc(242)] ReadMemory at 0x1fef7071f40 of 132 bytes failed: Only part of a ReadProcessMemory or WriteProcessMemory request was completed. (0x12B)
[1102/020416.379:ERROR:process_reader_win.cc(242)] ReadMemory at 0x1fef7072070 of 132 bytes failed: Only part of a ReadProcessMemory or WriteProcessMemory request was completed. (0x12B)
[1102/020416.379:ERROR:process_reader_win.cc(242)] ReadMemory at 0x1fef70722e0 of 246 bytes failed: Only part of a ReadProcessMemory or WriteProcessMemory request was completed. (0x12B)
[1102/020416.379:ERROR:process_reader_win.cc(242)] ReadMemory at 0x1fef7073c80 of 132 bytes failed: Only part of a ReadProcessMemory or WriteProcessMemory request was completed. (0x12B)
[1102/020416.379:ERROR:process_reader_win.cc(242)] ReadMemory at 0x1fef7073ee0 of 132 bytes failed: Only part of a ReadProcessMemory or WriteProcessMemory request was completed. (0x12B)
[1102/020416.379:ERROR:process_reader_win.cc(242)] ReadMemory at 0x1fef7074010 of 132 bytes failed: Only part of a ReadProcessMemory or WriteProcessMemory request was completed. (0x12B)
[1102/020416.380:ERROR:process_reader_win.cc(242)] ReadMemory at 0x1fef7074140 of 132 bytes failed: Only part of a ReadProcessMemory or WriteProcessMemory request was completed. (0x12B)
[1102/020416.380:ERROR:process_reader_win.cc(242)] ReadMemory at 0x1fef7074270 of 132 bytes failed: Only part of a ReadProcessMemory or WriteProcessMemory request was completed. (0x12B)
[1102/020416.380:ERROR:process_reader_win.cc(242)] ReadMemory at 0x1fef70743a0 of 132 bytes failed: Only part of a ReadProcessMemory or WriteProcessMemory request was completed. (0x12B)
[1102/020416.380:ERROR:process_reader_win.cc(242)] ReadMemory at 0x1fef70744d0 of 132 bytes failed: Only part of a ReadProcessMemory or WriteProcessMemory request was completed. (0x12B)
[1102/020416.380:ERROR:process_reader_win.cc(242)] ReadMemory at 0x1fef7074600 of 132 bytes failed: Only part of a ReadProcessMemory or WriteProcessMemory request was completed. (0x12B)
[1102/020416.380:ERROR:process_reader_win.cc(242)] ReadMemory at 0x1fef7074730 of 132 bytes failed: Only part of a ReadProcessMemory or WriteProcessMemory request was completed. (0x12B)
[1102/020416.380:ERROR:process_reader_win.cc(242)] ReadMemory at 0x1fef7074860 of 132 bytes failed: Only part of a ReadProcessMemory or WriteProcessMemory request was completed. (0x12B)
[1102/020416.380:ERROR:process_reader_win.cc(242)] ReadMemory at 0x1fef7074990 of 132 bytes failed: Only part of a ReadProcessMemory or WriteProcessMemory request was completed. (0x12B)
[1102/020416.380:ERROR:process_reader_win.cc(242)] ReadMemory at 0x1fef7074ac0 of 132 bytes failed: Only part of a ReadProcessMemory or WriteProcessMemory request was completed. (0x12B)
[1102/020416.380:ERROR:process_reader_win.cc(242)] ReadMemory at 0x1fef7074bf0 of 132 bytes failed: Only part of a ReadProcessMemory or WriteProcessMemory request was completed. (0x12B)
[1102/020416.380:ERROR:process_reader_win.cc(242)] ReadMemory at 0x1fef7074d20 of 132 bytes failed: Only part of a ReadProcessMemory or WriteProcessMemory request was completed. (0x12B)
[1102/020416.380:ERROR:process_reader_win.cc(242)] ReadMemory at 0x1fef7074e50 of 132 bytes failed: Only part of a ReadProcessMemory or WriteProcessMemory request was completed. (0x12B)
[1102/020416.380:ERROR:process_reader_win.cc(242)] ReadMemory at 0x1fef7074f80 of 132 bytes failed: Only part of a ReadProcessMemory or WriteProcessMemory request was completed. (0x12B)
[1102/020416.380:ERROR:process_reader_win.cc(242)] ReadMemory at 0x1fef70750b0 of 132 bytes failed: Only part of a ReadProcessMemory or WriteProcessMemory request was completed. (0x12B)
[1102/020416.380:ERROR:process_reader_win.cc(242)] ReadMemory at 0x1fef70751e0 of 132 bytes failed: Only part of a ReadProcessMemory or WriteProcessMemory request was completed. (0x12B)
[1102/020416.380:ERROR:process_reader_win.cc(242)] ReadMemory at 0x1fef7075310 of 132 bytes failed: Only part of a ReadProcessMemory or WriteProcessMemory request was completed. (0x12B)
[1102/020416.381:ERROR:process_reader_win.cc(242)] ReadMemory at 0x1fef7075440 of 132 bytes failed: Only part of a ReadProcessMemory or WriteProcessMemory request was completed. (0x12B)
[1102/020416.381:ERROR:process_reader_win.cc(242)] ReadMemory at 0x1fef7075570 of 132 bytes failed: Only part of a ReadProcessMemory or WriteProcessMemory request was completed. (0x12B)
[1102/020416.381:ERROR:process_reader_win.cc(242)] ReadMemory at 0x1fef70756a0 of 132 bytes failed: Only part of a ReadProcessMemory or WriteProcessMemory request was completed. (0x12B)
[1102/020416.381:ERROR:process_reader_win.cc(242)] ReadMemory at 0x1fef70757d0 of 132 bytes failed: Only part of a ReadProcessMemory or WriteProcessMemory request was completed. (0x12B)
[1102/020416.381:ERROR:process_reader_win.cc(242)] ReadMemory at 0x1fef7075900 of 132 bytes failed: Only part of a ReadProcessMemory or WriteProcessMemory request was completed. (0x12B)
[1102/020416.381:ERROR:process_reader_win.cc(242)] ReadMemory at 0x1fef7075a30 of 132 bytes failed: Only part of a ReadProcessMemory or WriteProcessMemory request was completed. (0x12B)
[1102/020416.381:ERROR:process_reader_win.cc(242)] ReadMemory at 0x1fef7075c40 of 152 bytes failed: Only part of a ReadProcessMemory or WriteProcessMemory request was completed. (0x12B)
[1102/020416.381:ERROR:process_reader_win.cc(242)] ReadMemory at 0x1fef7079640 of 62 bytes failed: Only part of a ReadProcessMemory or WriteProcessMemory request was completed. (0x12B)
[1102/020416.381:ERROR:process_reader_win.cc(242)] ReadMemory at 0x1fef70797d0 of 66 bytes failed: Only part of a ReadProcessMemory or WriteProcessMemory request was completed. (0x12B)
[1102/020416.381:ERROR:process_reader_win.cc(242)] ReadMemory at 0x1fef7079a00 of 58 bytes failed: Only part of a ReadProcessMemory or WriteProcessMemory request was completed. (0x12B)
[1102/020416.381:ERROR:process_reader_win.cc(242)] ReadMemory at 0x1fef7079b90 of 58 bytes failed: Only part of a ReadProcessMemory or WriteProcessMemory request was completed. (0x12B)
[1102/020416.381:ERROR:process_reader_win.cc(242)] ReadMemory at 0x1fef7079d20 of 64 bytes failed: Only part of a ReadProcessMemory or WriteProcessMemory request was completed. (0x12B)
[1102/020416.381:ERROR:process_reader_win.cc(242)] ReadMemory at 0x1fef7079d70 of 60 bytes failed: Only part of a ReadProcessMemory or WriteProcessMemory request was completed. (0x12B)
[1102/020416.381:ERROR:process_reader_win.cc(242)] ReadMemory at 0x1fef7079dc0 of 66 bytes failed: Only part of a ReadProcessMemory or WriteProcessMemory request was completed. (0x12B)
[1102/020416.381:ERROR:process_reader_win.cc(242)] ReadMemory at 0x1fef7079eb0 of 62 bytes failed: Only part of a ReadProcessMemory or WriteProcessMemory request was completed. (0x12B)
[1102/020416.381:ERROR:process_reader_win.cc(242)] ReadMemory at 0x1fef7079f50 of 64 bytes failed: Only part of a ReadProcessMemory or WriteProcessMemory request was completed. (0x12B)
[1102/020416.381:ERROR:process_reader_win.cc(242)] ReadMemory at 0x1fef707a310 of 60 bytes failed: Only part of a ReadProcessMemory or WriteProcessMemory request was completed. (0x12B)
[1102/020416.382:ERROR:process_reader_win.cc(242)] ReadMemory at 0x1fef707a590 of 64 bytes failed: Only part of a ReadProcessMemory or WriteProcessMemory request was completed. (0x12B)
[1102/020416.382:ERROR:process_reader_win.cc(242)] ReadMemory at 0x1fef70800e0 of 54 bytes failed: Only part of a ReadProcessMemory or WriteProcessMemory request was completed. (0x12B)
[1102/020416.382:ERROR:process_reader_win.cc(242)] ReadMemory at 0x1fef7088480 of 62 bytes failed: Only part of a ReadProcessMemory or WriteProcessMemory request was completed. (0x12B)
[1102/020416.382:ERROR:process_reader_win.cc(242)] ReadMemory at 0x1fef7088610 of 64 bytes failed: Only part of a ReadProcessMemory or WriteProcessMemory request was completed. (0x12B)
[1102/020416.382:ERROR:process_reader_win.cc(242)] ReadMemory at 0x1fef7088660 of 62 bytes failed: Only part of a ReadProcessMemory or WriteProcessMemory request was completed. (0x12B)
[1102/020416.382:ERROR:process_reader_win.cc(242)] ReadMemory at 0x1fef7088750 of 62 bytes failed: Only part of a ReadProcessMemory or WriteProcessMemory request was completed. (0x12B)
[1102/020416.382:ERROR:process_reader_win.cc(242)] ReadMemory at 0x1fef70887a0 of 58 bytes failed: Only part of a ReadProcessMemory or WriteProcessMemory request was completed. (0x12B)
[1102/020416.382:ERROR:process_reader_win.cc(242)] ReadMemory at 0x1fef70888e0 of 64 bytes failed: Only part of a ReadProcessMemory or WriteProcessMemory request was completed. (0x12B)
[1102/020416.382:ERROR:process_reader_win.cc(242)] ReadMemory at 0x1fef7088ac0 of 56 bytes failed: Only part of a ReadProcessMemory or WriteProcessMemory request was completed. (0x12B)
[1102/020416.382:ERROR:process_reader_win.cc(242)] ReadMemory at 0x1fef7088b10 of 62 bytes failed: Only part of a ReadProcessMemory or WriteProcessMemory request was completed. (0x12B)
[1102/020416.382:ERROR:process_reader_win.cc(242)] ReadMemory at 0x1fef7088c00 of 60 bytes failed: Only part of a ReadProcessMemory or WriteProcessMemory request was completed. (0x12B)
[1102/020416.382:ERROR:process_reader_win.cc(242)] ReadMemory at 0x1fef7088c50 of 60 bytes failed: Only part of a ReadProcessMemory or WriteProcessMemory request was completed. (0x12B)
[1102/020416.382:ERROR:process_reader_win.cc(242)] ReadMemory at 0x1fef7088f20 of 64 bytes failed: Only part of a ReadProcessMemory or WriteProcessMemory request was completed. (0x12B)
[1102/020416.382:ERROR:process_reader_win.cc(242)] ReadMemory at 0x1fef7088fc0 of 58 bytes failed: Only part of a ReadProcessMemory or WriteProcessMemory request was completed. (0x12B)
[1102/020416.382:ERROR:process_reader_win.cc(242)] ReadMemory at 0x1fef70891a0 of 62 bytes failed: Only part of a ReadProcessMemory or WriteProcessMemory request was completed. (0x12B)
[1102/020416.382:ERROR:process_reader_win.cc(242)] ReadMemory at 0x1fef7089380 of 60 bytes failed: Only part of a ReadProcessMemory or WriteProcessMemory request was completed. (0x12B)
[1102/020416.382:ERROR:process_reader_win.cc(242)] ReadMemory at 0x1fef7089a80 of 132 bytes failed: Only part of a ReadProcessMemory or WriteProcessMemory request was completed. (0x12B)
[1102/020416.382:ERROR:process_reader_win.cc(242)] ReadMemory at 0x1fef7089ce0 of 132 bytes failed: Only part of a ReadProcessMemory or WriteProcessMemory request was completed. (0x12B)
[1102/020416.383:ERROR:process_reader_win.cc(242)] ReadMemory at 0x1fef708a790 of 132 bytes failed: Only part of a ReadProcessMemory or WriteProcessMemory request was completed. (0x12B)
[1102/020416.383:ERROR:process_reader_win.cc(242)] ReadMemory at 0x1fef708a9f0 of 132 bytes failed: Only part of a ReadProcessMemory or WriteProcessMemory request was completed. (0x12B)
[1102/020416.383:ERROR:process_reader_win.cc(242)] ReadMemory at 0x1fef709cd70 of 512 bytes failed: Only part of a ReadProcessMemory or WriteProcessMemory request was completed. (0x12B)
[1102/020416.383:ERROR:process_reader_win.cc(242)] ReadMemory at 0x1fef709dc70 of 512 bytes failed: Only part of a ReadProcessMemory or WriteProcessMemory request was completed. (0x12B)
[1102/020416.383:ERROR:process_reader_win.cc(242)] ReadMemory at 0x1fef709ef50 of 512 bytes failed: Only part of a ReadProcessMemory or WriteProcessMemory request was completed. (0x12B)
[1102/020416.383:ERROR:process_reader_win.cc(242)] ReadMemory at 0x1fef75f0c40 of 512 bytes failed: Only part of a ReadProcessMemory or WriteProcessMemory request was completed. (0x12B)
[1102/020416.383:ERROR:process_reader_win.cc(242)] ReadMemory at 0x1fef75f25c0 of 512 bytes failed: Only part of a ReadProcessMemory or WriteProcessMemory request was completed. (0x12B)
[1102/020416.383:ERROR:process_reader_win.cc(242)] ReadMemory at 0x1fef76eff80 of 512 bytes failed: Only part of a ReadProcessMemory or WriteProcessMemory request was completed. (0x12B)
[1102/020416.383:ERROR:process_reader_win.cc(242)] ReadMemory at 0x1fef76f57e8 of 512 bytes failed: Only part of a ReadProcessMemory or WriteProcessMemory request was completed. (0x12B)
[1102/020416.383:ERROR:process_reader_win.cc(242)] ReadMemory at 0x1fef7700000 of 384 bytes failed: Only part of a ReadProcessMemory or WriteProcessMemory request was completed. (0x12B)
[1102/020416.383:ERROR:process_reader_win.cc(242)] ReadMemory at 0x1fef7710dc0 of 512 bytes failed: Only part of a ReadProcessMemory or WriteProcessMemory request was completed. (0x12B)
[1102/020416.383:ERROR:process_reader_win.cc(242)] ReadMemory at 0x1fef772c7d8 of 512 bytes failed: Only part of a ReadProcessMemory or WriteProcessMemory request was completed. (0x12B)
[1102/020416.383:ERROR:process_reader_win.cc(242)] ReadMemory at 0x1fef773df50 of 512 bytes failed: Only part of a ReadProcessMemory or WriteProcessMemory request was completed. (0x12B)
[1102/020416.383:ERROR:process_reader_win.cc(242)] ReadMemory at 0x1fef774c878 of 512 bytes failed: Only part of a ReadProcessMemory or WriteProcessMemory request was completed. (0x12B)
[1102/020416.383:ERROR:process_reader_win.cc(242)] ReadMemory at 0x1fef7761050 of 688 bytes failed: Only part of a ReadProcessMemory or WriteProcessMemory request was completed. (0x12B)
[1102/020416.383:ERROR:process_reader_win.cc(242)] ReadMemory at 0x1fef7770038 of 512 bytes failed: Only part of a ReadProcessMemory or WriteProcessMemory request was completed. (0x12B)
[1102/020416.383:ERROR:process_reader_win.cc(242)] ReadMemory at 0x1fef95f0000 of 384 bytes failed: Only part of a ReadProcessMemory or WriteProcessMemory request was completed. (0x12B)
[1102/020416.383:ERROR:process_reader_win.cc(242)] ReadMemory at 0x1fef963a760 of 512 bytes failed: Only part of a ReadProcessMemory or WriteProcessMemory request was completed. (0x12B)
[1102/020416.384:ERROR:process_reader_win.cc(242)] ReadMemory at 0x1fef96f1aa0 of 512 bytes failed: Only part of a ReadProcessMemory or WriteProcessMemory request was completed. (0x12B)
[1102/020416.384:ERROR:process_reader_win.cc(242)] ReadMemory at 0x1fef971c330 of 512 bytes failed: Only part of a ReadProcessMemory or WriteProcessMemory request was completed. (0x12B)
[1102/020416.384:ERROR:process_reader_win.cc(242)] ReadMemory at 0x1fef97f9f30 of 512 bytes failed: Only part of a ReadProcessMemory or WriteProcessMemory request was completed. (0x12B)
[1102/020416.384:ERROR:process_reader_win.cc(242)] ReadMemory at 0x572c6a720058 of 512 bytes failed: Only part of a ReadProcessMemory or WriteProcessMemory request was completed. (0x12B)
[1102/020416.384:ERROR:process_reader_win.cc(242)] ReadMemory at 0x7ffe53584795 of 512 bytes failed: Only part of a ReadProcessMemory or WriteProcessMemory request was completed. (0x12B)
[1102/020416.384:ERROR:process_reader_win.cc(242)] ReadMemory at 0x7ffe535b71c0 of 512 bytes failed: Only part of a ReadProcessMemory or WriteProcessMemory request was completed. (0x12B)
[1102/020416.384:ERROR:process_reader_win.cc(242)] ReadMemory at 0x7ffe551cdfb0 of 512 bytes failed: Only part of a ReadProcessMemory or WriteProcessMemory request was completed. (0x12B)
[1102/020416.384:ERROR:process_reader_win.cc(242)] ReadMemory at 0x7ffe55ca87c0 of 512 bytes failed: Only part of a ReadProcessMemory or WriteProcessMemory request was completed. (0x12B)
[1102/020416.384:ERROR:process_reader_win.cc(242)] ReadMemory at 0x7ffe9d590000 of 384 bytes failed: Only part of a ReadProcessMemory or WriteProcessMemory request was completed. (0x12B)
[1102/020416.384:ERROR:process_reader_win.cc(242)] ReadMemory at 0x7ffe9d5af260 of 512 bytes failed: Only part of a ReadProcessMemory or WriteProcessMemory request was completed. (0x12B)
[1102/020416.384:ERROR:process_reader_win.cc(242)] ReadMemory at 0x7ffe9d5b09e0 of 512 bytes failed: Only part of a ReadProcessMemory or WriteProcessMemory request was completed. (0x12B)
[1102/020416.384:ERROR:process_reader_win.cc(242)] ReadMemory at 0x7ffe9d5b12d0 of 512 bytes failed: Only part of a ReadProcessMemory or WriteProcessMemory request was completed. (0x12B)
[1102/020416.384:ERROR:process_reader_win.cc(242)] ReadMemory at 0x7ffe9d5b30c0 of 512 bytes failed: Only part of a ReadProcessMemory or WriteProcessMemory request was completed. (0x12B)
[1102/020416.384:ERROR:process_reader_win.cc(242)] ReadMemory at 0x7ffe9d629ef4 of 672 bytes failed: Only part of a ReadProcessMemory or WriteProcessMemory request was completed. (0x12B)
[1102/020416.384:ERROR:process_reader_win.cc(242)] ReadMemory at 0x7ffe9d62a4f4 of 512 bytes failed: Only part of a ReadProcessMemory or WriteProcessMemory request was completed. (0x12B)
[1102/020416.384:ERROR:process_reader_win.cc(242)] ReadMemory at 0x7ffe9d62d764 of 608 bytes failed: Only part of a ReadProcessMemory or WriteProcessMemory request was completed. (0x12B)
[1102/020416.384:ERROR:process_reader_win.cc(242)] ReadMemory at 0x7ffe9d6a8aa0 of 512 bytes failed: Only part of a ReadProcessMemory or WriteProcessMemory request was completed. (0x12B)
[1102/020416.385:ERROR:process_reader_win.cc(242)] ReadMemory at 0x7ffe9d6b3810 of 18 bytes failed: Only part of a ReadProcessMemory or WriteProcessMemory request was completed. (0x12B)
[1102/020416.385:ERROR:process_reader_win.cc(242)] ReadMemory at 0x7ffe9d6e64e0 of 40 bytes failed: Only part of a ReadProcessMemory or WriteProcessMemory request was completed. (0x12B)
[1102/020416.385:ERROR:process_reader_win.cc(242)] ReadMemory at 0x7ffe9d6e6938 of 48 bytes failed: Only part of a ReadProcessMemory or WriteProcessMemory request was completed. (0x12B)
[1102/020416.385:ERROR:process_reader_win.cc(242)] ReadMemory at 0x7ffe9d6ec360 of 64 bytes failed: Only part of a ReadProcessMemory or WriteProcessMemory request was completed. (0x12B)
[1102/020416.400:ERROR:file_io_win.cc(161)] CreateFile C:\Users\MELIKH~1\AppData\Local\Temp\scoped_dir5660_8\Crashpad\settings.dat: The system cannot find the file specified. (0x2)
[1102/020416.400:ERROR:scoped_process_suspend.cc(40)] NtResumeProcess: An attempt was made to access an exiting process. (0xc000010a)
[1102/020915.568:ERROR:process_info.cc(329)] VirtualQueryEx: Access is denied. (0x5)
[1102/020915.568:ERROR:process_info.cc(550)] ReadMemoryInfo failed
[1102/020915.574:ERROR:process_reader_win.cc(151)] SuspendThread: Access is denied. (0x5)
[1102/020915.574:ERROR:exception_snapshot_win.cc(88)] thread ID 16568 not found in process
[1102/020915.574:ERROR:scoped_process_suspend.cc(40)] NtResumeProcess: An attempt was made to access an exiting process. (0xc000010a)
